#
# There is insufficient memory for the Java Runtime Environment to continue.
# Native memory allocation (mmap) failed to map 329252864 bytes. Error detail: G1 virtual space
# Possible reasons:
#   The system is out of physical RAM or swap space
#   This process is running with CompressedOops enabled, and the Java Heap may be blocking the growth of the native heap
# Possible solutions:
#   Reduce memory load on the system
#   Increase physical memory or swap space
#   Check if swap backing store is full
#   Decrease Java heap size (-Xmx/-Xms)
#   Decrease number of Java threads
#   Decrease Java thread stack sizes (-Xss)
#   Set larger code cache with -XX:ReservedCodeCacheSize=
#   JVM is running with Unscaled Compressed Oops mode in which the Java heap is
#     placed in the first 4GB address space. The Java Heap base address is the
#     maximum limit for the native heap growth. Please use -XX:HeapBaseMinAddress
#     to set the Java Heap base and to place the Java Heap above 4GB virtual address.
# This output file may be truncated or incomplete.
#
#  Out of Memory Error (os_windows.cpp:3678), pid=47536, tid=40064
#
# JRE version: OpenJDK Runtime Environment Microsoft-9889599 (17.0.12+7) (build 17.0.12+7-LTS)
# Java VM: OpenJDK 64-Bit Server VM Microsoft-9889599 (17.0.12+7-LTS, mixed mode, sharing, tiered, compressed oops, compressed class ptrs, g1 gc, windows-amd64)
# No core dump will be written. Minidumps are not enabled by default on client versions of Windows
#

---------------  S U M M A R Y ------------

Command Line: -Xmx1G com.android.tools.r8.D8 --debug --min-api 21 --output obj\Debug\net8.0-android\android\bin\ --lib C:\Program Files (x86)\Android\android-sdk\platforms\android-34\android.jar obj\Debug\net8.0-android\android\bin\classes.zip C:\Users\Jiro\.nuget\packages\microsoft.android.ref.34\34.0.148\ref\net8.0\mono.android.jar C:\Program Files\dotnet\packs\Microsoft.Android.Sdk.Windows\34.0.148\tools\java_runtime_fastdev_net6.jar C:\Users\Jiro\.nuget\packages\xamarin.jetbrains.annotations\24.0.1.3\buildTransitive\net6.0-android31.0\..\..\jar\org.jetbrains.annotations-24.0.1.jar C:\Users\Jiro\.nuget\packages\xamarin.kotlin.stdlib\1.9.0.1\buildTransitive\net6.0-android31.0\..\..\jar\org.jetbrains.kotlin.kotlin-stdlib-1.9.0.jar C:\Users\Jiro\.nuget\packages\xamarin.kotlin.stdlib.jdk7\1.9.0.1\buildTransitive\net6.0-android31.0\..\..\jar\org.jetbrains.kotlin.kotlin-stdlib-jdk7-1.9.0.jar C:\Users\Jiro\.nuget\packages\xamarin.kotlin.stdlib.jdk8\1.9.0.1\buildTransitive\net6.0-android31.0\..\..\jar\org.jetbrains.kotlin.kotlin-stdlib-jdk8-1.9.0.jar C:\Users\Jiro\.nuget\packages\xamarin.kotlinx.coroutines.core.jvm\1.7.2.1\buildTransitive\net6.0-android31.0\..\..\jar\org.jetbrains.kotlinx.kotlinx-coroutines-core-jvm-1.7.2.jar C:\Users\Jiro\.nuget\packages\xamarin.kotlinx.coroutines.android\1.7.2.1\buildTransitive\net6.0-android31.0\..\..\jar\org.jetbrains.kotlinx.kotlinx-coroutines-android-1.7.2.jar C:\Users\Jiro\.nuget\packages\xamarin.google.guava.listenablefuture\1.0.0.14\buildTransitive\net6.0-android31.0\..\..\jar\guava-listenablefuture.jar C:\Users\Jiro\.nuget\packages\xamarin.androidx.annotation.jvm\1.6.0.2\buildTransitive\net6.0-android31.0\..\..\jar\androidx.annotation.annotation-jvm.jar C:\Users\Jiro\.nuget\packages\xamarin.androidx.collection\1.2.0.9\buildTransitive\net6.0-android31.0\..\..\jar\androidx.collection.collection.jar C:\Users\Jiro\.nuget\packages\xamarin.androidx.concurrent.futures\1.1.0.14\buildTransitive\net6.0-android31.0\..\..\jar\androidx.concurrent.concurrent-futures.jar C:\Users\Jiro\.nuget\packages\xamarin.androidx.lifecycle.common\2.6.1.3\buildTransitive\net6.0-android31.0\..\..\jar\androidx.lifecycle.lifecycle-common.jar C:\Users\Jiro\.nuget\packages\xamarin.androidx.arch.core.common\2.2.0.3\buildTransitive\net6.0-android31.0\..\..\jar\androidx.arch.core.core-common.jar C:\Users\Jiro\.nuget\packages\xamarin.androidx.resourceinspection.annotation\1.0.1.7\buildTransitive\net6.0-android31.0\..\..\jar\androidx.resourceinspection.resourceinspection-annotation.jar C:\Users\Jiro\.nuget\packages\xamarin.androidx.constraintlayout.core\1.0.4.6\buildTransitive\net6.0-android31.0\..\..\jar\androidx.constraintlayout.constraintlayout-core.jar C:\Users\Jiro\.nuget\packages\xamarin.androidx.collection.ktx\1.2.0.9\buildTransitive\net6.0-android31.0\..\..\jar\androidx.collection.collection-ktx.jar C:\Users\Jiro\.nuget\packages\xamarin.android.glide.disklrucache\4.15.1.2\buildTransitive\net6.0-android31.0\..\..\jar\disklrucache.jar C:\Users\Jiro\.nuget\packages\xamarin.android.glide.annotations\4.15.1.2\buildTransitive\net6.0-android31.0\..\..\jar\annotations.jar C:\Program Files\dotnet\packs\Microsoft.NETCore.App.Runtime.Mono.android-x64\8.0.15\runtimes\android-x64\native\libSystem.Security.Cryptography.Native.Android.jar obj\Debug\net8.0-android\lp\100\jl\classes.jar obj\Debug\net8.0-android\lp\101\jl\classes.jar obj\Debug\net8.0-android\lp\102\jl\classes.jar obj\Debug\net8.0-android\lp\103\jl\classes.jar obj\Debug\net8.0-android\lp\104\jl\classes.jar obj\Debug\net8.0-android\lp\105\jl\classes.jar obj\Debug\net8.0-android\lp\106\jl\classes.jar obj\Debug\net8.0-android\lp\107\jl\classes.jar obj\Debug\net8.0-android\lp\108\jl\classes.jar obj\Debug\net8.0-android\lp\109\jl\classes.jar obj\Debug\net8.0-android\lp\110\jl\classes.jar obj\Debug\net8.0-android\lp\111\jl\classes.jar obj\Debug\net8.0-android\lp\112\jl\classes.jar obj\Debug\net8.0-android\lp\113\jl\classes.jar obj\Debug\net8.0-android\lp\114\jl\classes.jar obj\Debug\net8.0-android\lp\115\jl\classes.jar obj\Debug\net8.0-android\lp\116\jl\classes.jar obj\Debug\net8.0-android\lp\117\jl\classes.jar obj\Debug\net8.0-android\lp\118\jl\classes.jar obj\Debug\net8.0-android\lp\119\jl\classes.jar obj\Debug\net8.0-android\lp\120\jl\classes.jar obj\Debug\net8.0-android\lp\121\jl\classes.jar obj\Debug\net8.0-android\lp\122\jl\classes.jar obj\Debug\net8.0-android\lp\123\jl\classes.jar obj\Debug\net8.0-android\lp\124\jl\classes.jar obj\Debug\net8.0-android\lp\125\jl\classes.jar obj\Debug\net8.0-android\lp\126\jl\classes.jar obj\Debug\net8.0-android\lp\127\jl\classes.jar obj\Debug\net8.0-android\lp\128\jl\classes.jar obj\Debug\net8.0-android\lp\128\jl\libs\repackaged.jar obj\Debug\net8.0-android\lp\129\jl\classes.jar obj\Debug\net8.0-android\lp\130\jl\classes.jar obj\Debug\net8.0-android\lp\131\jl\classes.jar obj\Debug\net8.0-android\lp\132\jl\classes.jar obj\Debug\net8.0-android\lp\133\jl\classes.jar obj\Debug\net8.0-android\lp\134\jl\classes.jar obj\Debug\net8.0-android\lp\135\jl\classes.jar obj\Debug\net8.0-android\lp\136\jl\classes.jar obj\Debug\net8.0-android\lp\137\jl\classes.jar obj\Debug\net8.0-android\lp\138\jl\classes.jar obj\Debug\net8.0-android\lp\139\jl\classes.jar obj\Debug\net8.0-android\lp\140\jl\classes.jar obj\Debug\net8.0-android\lp\141\jl\classes.jar obj\Debug\net8.0-android\lp\142\jl\classes.jar obj\Debug\net8.0-android\lp\143\jl\classes.jar obj\Debug\net8.0-android\lp\144\jl\classes.jar obj\Debug\net8.0-android\lp\145\jl\classes.jar obj\Debug\net8.0-android\lp\146\jl\classes.jar obj\Debug\net8.0-android\lp\147\jl\classes.jar obj\Debug\net8.0-android\lp\148\jl\classes.jar obj\Debug\net8.0-android\lp\149\jl\classes.jar obj\Debug\net8.0-android\lp\150\jl\classes.jar obj\Debug\net8.0-android\lp\151\jl\classes.jar obj\Debug\net8.0-android\lp\152\jl\classes.jar obj\Debug\net8.0-android\lp\153\jl\classes.jar obj\Debug\net8.0-android\lp\154\jl\classes.jar obj\Debug\net8.0-android\lp\155\jl\classes.jar obj\Debug\net8.0-android\lp\156\jl\classes.jar obj\Debug\net8.0-android\lp\157\jl\classes.jar obj\Debug\net8.0-android\lp\158\jl\classes.jar obj\Debug\net8.0-android\lp\159\jl\libs\ED64959F88B22E6D.jar obj\Debug\net8.0-android\lp\160\jl\libs\2E7FD15AFA9B216B.jar obj\Debug\net8.0-android\lp\163\jl\classes.jar obj\Debug\net8.0-android\lp\166\jl\libs\F975D0960055A5E3.jar obj\Debug\net8.0-android\lp\167\jl\libs\B71CFF5D5A0B3AEB.jar obj\Debug\net8.0-android\lp\98\jl\classes.jar obj\Debug\net8.0-android\lp\99\jl\classes.jar --map-diagnostics warning info

Host: AMD Ryzen 7 7435HS                             , 16 cores, 7G,  Windows 11 , 64 bit Build 26100 (10.0.26100.3912)
Time: Thu May  1 22:32:36 2025 Malay Peninsula Standard Time elapsed time: 3.174148 seconds (0d 0h 0m 3s)

---------------  T H R E A D  ---------------

Current thread (0x00000216f5505750):  VMThread "VM Thread" [stack: 0x000000eda2e00000,0x000000eda2f00000] [id=40064]

Stack: [0x000000eda2e00000,0x000000eda2f00000]
Native frames: (J=compiled Java code, j=interpreted, Vv=VM code, C=native code)
V  [jvm.dll+0x686d99]
V  [jvm.dll+0x83daf8]
V  [jvm.dll+0x83f5a3]
V  [jvm.dll+0x83fc13]
V  [jvm.dll+0x2492ef]
V  [jvm.dll+0x683dd9]
V  [jvm.dll+0x6782fa]
V  [jvm.dll+0x30a797]
V  [jvm.dll+0x311d06]
V  [jvm.dll+0x36252e]
V  [jvm.dll+0x36276d]
V  [jvm.dll+0x2e1a9c]
V  [jvm.dll+0x2dfe49]
V  [jvm.dll+0x2df5ac]
V  [jvm.dll+0x3220ab]
V  [jvm.dll+0x84444d]
V  [jvm.dll+0x845183]
V  [jvm.dll+0x8456af]
V  [jvm.dll+0x845a94]
V  [jvm.dll+0x845b5e]
V  [jvm.dll+0x7ed87c]
V  [jvm.dll+0x685c77]
C  [ucrtbase.dll+0x37b0]
C  [KERNEL32.DLL+0x2e8d7]
C  [ntdll.dll+0x9c5dc]

VM_Operation (0x000000eda49fdf60): G1CollectForAllocation, mode: safepoint, requested by thread 0x00000216fadbbcb0


---------------  P R O C E S S  ---------------

Threads class SMR info:
_java_thread_list=0x00000216faa03380, length=25, elements={
0x00000216d8c14d40, 0x00000216f550c830, 0x00000216f550da80, 0x00000216f5525a00,
0x00000216f5525ee0, 0x00000216f5526f30, 0x00000216f55365d0, 0x00000216f5544de0,
0x00000216f5566290, 0x00000216f55687c0, 0x00000216f557e9c0, 0x00000216f56ec220,
0x00000216f56f2f80, 0x00000216f5813240, 0x00000216f5813810, 0x00000216f58141f0,
0x00000216f5835c20, 0x00000216fa71dbd0, 0x00000216fadbafc0, 0x00000216fadbbcb0,
0x00000216fa9e4c70, 0x00000216fa9e5150, 0x00000216fa4bae10, 0x00000216fadd90e0,
0x00000216fadd7120
}

Java Threads: ( => current thread )
  0x00000216d8c14d40 JavaThread "main" [_thread_blocked, id=38236, stack(0x000000eda2800000,0x000000eda2900000)]
  0x00000216f550c830 JavaThread "Reference Handler" daemon [_thread_blocked, id=40252, stack(0x000000eda2f00000,0x000000eda3000000)]
  0x00000216f550da80 JavaThread "Finalizer" daemon [_thread_blocked, id=38164, stack(0x000000eda3000000,0x000000eda3100000)]
  0x00000216f5525a00 JavaThread "Signal Dispatcher" daemon [_thread_blocked, id=47820, stack(0x000000eda3100000,0x000000eda3200000)]
  0x00000216f5525ee0 JavaThread "Attach Listener" daemon [_thread_blocked, id=17280, stack(0x000000eda3200000,0x000000eda3300000)]
  0x00000216f5526f30 JavaThread "Service Thread" daemon [_thread_blocked, id=40476, stack(0x000000eda3300000,0x000000eda3400000)]
  0x00000216f55365d0 JavaThread "Monitor Deflation Thread" daemon [_thread_blocked, id=34820, stack(0x000000eda3400000,0x000000eda3500000)]
  0x00000216f5544de0 JavaThread "C2 CompilerThread0" daemon [_thread_blocked, id=26336, stack(0x000000eda3500000,0x000000eda3600000)]
  0x00000216f5566290 JavaThread "C1 CompilerThread0" daemon [_thread_blocked, id=32108, stack(0x000000eda3600000,0x000000eda3700000)]
  0x00000216f55687c0 JavaThread "Sweeper thread" daemon [_thread_blocked, id=44440, stack(0x000000eda3700000,0x000000eda3800000)]
  0x00000216f557e9c0 JavaThread "C1 CompilerThread1" daemon [_thread_blocked, id=39008, stack(0x000000eda3800000,0x000000eda3900000)]
  0x00000216f56ec220 JavaThread "Notification Thread" daemon [_thread_blocked, id=31236, stack(0x000000eda3900000,0x000000eda3a00000)]
  0x00000216f56f2f80 JavaThread "Common-Cleaner" daemon [_thread_blocked, id=26592, stack(0x000000eda3b00000,0x000000eda3c00000)]
  0x00000216f5813240 JavaThread "C2 CompilerThread1" daemon [_thread_blocked, id=13980, stack(0x000000eda3c00000,0x000000eda3d00000)]
  0x00000216f5813810 JavaThread "C1 CompilerThread2" daemon [_thread_blocked, id=20868, stack(0x000000eda3d00000,0x000000eda3e00000)]
  0x00000216f58141f0 JavaThread "C1 CompilerThread3" daemon [_thread_blocked, id=32456, stack(0x000000eda3e00000,0x000000eda3f00000)]
  0x00000216f5835c20 JavaThread "C2 CompilerThread2" daemon [_thread_blocked, id=35348, stack(0x000000eda3f00000,0x000000eda4000000)]
  0x00000216fa71dbd0 JavaThread "ForkJoinPool-1-worker-1" daemon [_thread_blocked, id=19128, stack(0x000000eda4700000,0x000000eda4800000)]
  0x00000216fadbafc0 JavaThread "ForkJoinPool-1-worker-2" daemon [_thread_blocked, id=17556, stack(0x000000eda4800000,0x000000eda4900000)]
  0x00000216fadbbcb0 JavaThread "ForkJoinPool-1-worker-3" daemon [_thread_blocked, id=19204, stack(0x000000eda4900000,0x000000eda4a00000)]
  0x00000216fa9e4c70 JavaThread "ForkJoinPool-1-worker-4" daemon [_thread_blocked, id=42880, stack(0x000000eda4a00000,0x000000eda4b00000)]
  0x00000216fa9e5150 JavaThread "ForkJoinPool-1-worker-5" daemon [_thread_blocked, id=21292, stack(0x000000eda4b00000,0x000000eda4c00000)]
  0x00000216fa4bae10 JavaThread "ForkJoinPool-1-worker-6" daemon [_thread_blocked, id=45540, stack(0x000000eda4c00000,0x000000eda4d00000)]
  0x00000216fadd90e0 JavaThread "ForkJoinPool-1-worker-7" daemon [_thread_blocked, id=15956, stack(0x000000eda4d00000,0x000000eda4e00000)]
  0x00000216fadd7120 JavaThread "ForkJoinPool-1-worker-8" daemon [_thread_blocked, id=38556, stack(0x000000eda4e00000,0x000000eda4f00000)]

Other Threads:
=>0x00000216f5505750 VMThread "VM Thread" [stack: 0x000000eda2e00000,0x000000eda2f00000] [id=40064]
  0x00000216f56f2b30 WatcherThread [stack: 0x000000eda3a00000,0x000000eda3b00000] [id=36088]
  0x00000216d8c55300 GCTaskThread "GC Thread#0" [stack: 0x000000eda2900000,0x000000eda2a00000] [id=29328]
  0x00000216fa63e040 GCTaskThread "GC Thread#1" [stack: 0x000000eda4000000,0x000000eda4100000] [id=3320]
  0x00000216fa5f72b0 GCTaskThread "GC Thread#2" [stack: 0x000000eda4100000,0x000000eda4200000] [id=17204]
  0x00000216fa0b6740 GCTaskThread "GC Thread#3" [stack: 0x000000eda4200000,0x000000eda4300000] [id=19336]
  0x00000216fa0b6a00 GCTaskThread "GC Thread#4" [stack: 0x000000eda4300000,0x000000eda4400000] [id=32164]
  0x00000216fa0b6cc0 GCTaskThread "GC Thread#5" [stack: 0x000000eda4400000,0x000000eda4500000] [id=8768]
  0x00000216fa680410 GCTaskThread "GC Thread#6" [stack: 0x000000eda4600000,0x000000eda4700000] [id=39524]
  0x00000216fa5acbb0 GCTaskThread "GC Thread#7" [stack: 0x000000eda5100000,0x000000eda5200000] [id=45880]
  0x00000216d8c5e2c0 ConcurrentGCThread "G1 Main Marker" [stack: 0x000000eda2a00000,0x000000eda2b00000] [id=35720]
  0x00000216d8c5f760 ConcurrentGCThread "G1 Conc#0" [stack: 0x000000eda2b00000,0x000000eda2c00000] [id=276]
  0x00000216fa5ae730 ConcurrentGCThread "G1 Conc#1" [stack: 0x000000eda5500000,0x000000eda5600000] [id=48864]
  0x00000216fa5ace70 ConcurrentGCThread "G1 Conc#2" [stack: 0x000000eda5600000,0x000000eda5700000] [id=38064]
  0x00000216d8cbec80 ConcurrentGCThread "G1 Refine#0" [stack: 0x000000eda2c00000,0x000000eda2d00000] [id=36808]
  0x00000216fa2d7690 ConcurrentGCThread "G1 Refine#1" [stack: 0x000000eda4500000,0x000000eda4600000] [id=47128]
  0x00000216fb336ce0 ConcurrentGCThread "G1 Refine#2" [stack: 0x000000eda4f00000,0x000000eda5000000] [id=46904]
  0x00000216faa99a60 ConcurrentGCThread "G1 Refine#3" [stack: 0x000000eda5000000,0x000000eda5100000] [id=16244]
  0x00000216fb5c7b50 ConcurrentGCThread "G1 Refine#4" [stack: 0x000000eda5200000,0x000000eda5300000] [id=35660]
  0x00000216fa859740 ConcurrentGCThread "G1 Refine#5" [stack: 0x000000eda5300000,0x000000eda5400000] [id=42984]
  0x00000216fa85a8e0 ConcurrentGCThread "G1 Refine#6" [stack: 0x000000eda5400000,0x000000eda5500000] [id=39548]
  0x00000216fa85a010 ConcurrentGCThread "G1 Refine#7" [stack: 0x000000eda5700000,0x000000eda5800000] [id=12736]
  0x00000216f53c7200 ConcurrentGCThread "G1 Service" [stack: 0x000000eda2d00000,0x000000eda2e00000] [id=31348]

Threads with active compile tasks:
C2 CompilerThread0     3196 2170       4       com.android.tools.r8.graph.A3::b (716 bytes)
C2 CompilerThread1     3196 2165 %     4       com.android.tools.r8.internal.fb::a @ 2507 (5041 bytes)
C2 CompilerThread2     3196 2103       4       com.android.tools.r8.internal.fb::a (1176 bytes)

VM state: at safepoint (normal execution)

VM Mutex/Monitor currently owned by a thread:  ([mutex/lock_event])
[0x00000216d66e8920] Threads_lock - owner thread: 0x00000216f5505750
[0x00000216d678c720] Heap_lock - owner thread: 0x00000216fadbbcb0

Heap address: 0x00000000c0000000, size: 1024 MB, Compressed Oops mode: 32-bit

CDS archive(s) mapped at: [0x0000021680000000-0x0000021680bb0000-0x0000021680bb0000), size 12255232, SharedBaseAddress: 0x0000021680000000, ArchiveRelocationMode: 1.
Compressed class space mapped at: 0x0000021681000000-0x00000216c1000000, reserved size: 1073741824
Narrow klass base: 0x0000021680000000, Narrow klass shift: 0, Narrow klass range: 0x100000000

GC Precious Log:
 CPUs: 16 total, 16 available
 Memory: 8010M
 Large Page Support: Disabled
 NUMA Support: Disabled
 Compressed Oops: Enabled (32-bit)
 Heap Region Size: 1M
 Heap Min Capacity: 8M
 Heap Initial Capacity: 126M
 Heap Max Capacity: 1G
 Pre-touch: Disabled
 Parallel Workers: 13
 Concurrent Workers: 3
 Concurrent Refinement Workers: 13
 Periodic GC: Disabled

Heap:
 garbage-first heap   total 215040K, used 118061K [0x00000000c0000000, 0x0000000100000000)
  region size 1024K, 2 young (2048K), 2 survivors (2048K)
 Metaspace       used 7831K, committed 8192K, reserved 1114112K
  class space    used 889K, committed 1024K, reserved 1048576K

Heap Regions: E=young(eden), S=young(survivor), O=old, HS=humongous(starts), HC=humongous(continues), CS=collection set, F=free, OA=open archive, CA=closed archive, TAMS=top-at-mark-start (previous, next)
|   0|0x00000000c0000000, 0x00000000c0100000, 0x00000000c0100000|100%|HS|  |TAMS 0x00000000c0100000, 0x00000000c0000000| Complete 
|   1|0x00000000c0100000, 0x00000000c0200000, 0x00000000c0200000|100%| O|  |TAMS 0x00000000c0200000, 0x00000000c0100000| Untracked 
|   2|0x00000000c0200000, 0x00000000c0300000, 0x00000000c0300000|100%|HS|  |TAMS 0x00000000c0300000, 0x00000000c0200000| Complete 
|   3|0x00000000c0300000, 0x00000000c0400000, 0x00000000c0400000|100%| O|  |TAMS 0x00000000c0400000, 0x00000000c0300000| Untracked 
|   4|0x00000000c0400000, 0x00000000c0500000, 0x00000000c0500000|100%| O|  |TAMS 0x00000000c0500000, 0x00000000c0400000| Untracked 
|   5|0x00000000c0500000, 0x00000000c0600000, 0x00000000c0600000|100%| O|  |TAMS 0x00000000c0600000, 0x00000000c0500000| Untracked 
|   6|0x00000000c0600000, 0x00000000c0700000, 0x00000000c0700000|100%|HS|  |TAMS 0x00000000c0700000, 0x00000000c0600000| Complete 
|   7|0x00000000c0700000, 0x00000000c0800000, 0x00000000c0800000|100%|HC|  |TAMS 0x00000000c0800000, 0x00000000c0700000| Complete 
|   8|0x00000000c0800000, 0x00000000c0900000, 0x00000000c0900000|100%| O|  |TAMS 0x00000000c0900000, 0x00000000c0800000| Untracked 
|   9|0x00000000c0900000, 0x00000000c0a00000, 0x00000000c0a00000|100%| O|  |TAMS 0x00000000c0a00000, 0x00000000c0900000| Untracked 
|  10|0x00000000c0a00000, 0x00000000c0b00000, 0x00000000c0b00000|100%| O|  |TAMS 0x00000000c0b00000, 0x00000000c0a00000| Untracked 
|  11|0x00000000c0b00000, 0x00000000c0c00000, 0x00000000c0c00000|100%| O|  |TAMS 0x00000000c0c00000, 0x00000000c0b00000| Untracked 
|  12|0x00000000c0c00000, 0x00000000c0d00000, 0x00000000c0d00000|100%| O|  |TAMS 0x00000000c0d00000, 0x00000000c0c00000| Untracked 
|  13|0x00000000c0d00000, 0x00000000c0e00000, 0x00000000c0e00000|100%| O|  |TAMS 0x00000000c0e00000, 0x00000000c0d00000| Untracked 
|  14|0x00000000c0e00000, 0x00000000c0f00000, 0x00000000c0f00000|100%| O|  |TAMS 0x00000000c0f00000, 0x00000000c0e00000| Untracked 
|  15|0x00000000c0f00000, 0x00000000c1000000, 0x00000000c1000000|100%| O|  |TAMS 0x00000000c1000000, 0x00000000c0f00000| Untracked 
|  16|0x00000000c1000000, 0x00000000c1100000, 0x00000000c1100000|100%| O|  |TAMS 0x00000000c1100000, 0x00000000c1000000| Untracked 
|  17|0x00000000c1100000, 0x00000000c1200000, 0x00000000c1200000|100%| O|  |TAMS 0x00000000c1200000, 0x00000000c1100000| Untracked 
|  18|0x00000000c1200000, 0x00000000c1300000, 0x00000000c1300000|100%| O|  |TAMS 0x00000000c1300000, 0x00000000c1200000| Untracked 
|  19|0x00000000c1300000, 0x00000000c1400000, 0x00000000c1400000|100%| O|  |TAMS 0x00000000c1400000, 0x00000000c1300000| Untracked 
|  20|0x00000000c1400000, 0x00000000c1500000, 0x00000000c1500000|100%| O|  |TAMS 0x00000000c1500000, 0x00000000c1400000| Untracked 
|  21|0x00000000c1500000, 0x00000000c1600000, 0x00000000c1600000|100%| O|  |TAMS 0x00000000c1600000, 0x00000000c1500000| Untracked 
|  22|0x00000000c1600000, 0x00000000c1700000, 0x00000000c1700000|100%| O|  |TAMS 0x00000000c1700000, 0x00000000c1600000| Untracked 
|  23|0x00000000c1700000, 0x00000000c1800000, 0x00000000c1800000|100%| O|  |TAMS 0x00000000c1800000, 0x00000000c1700000| Untracked 
|  24|0x00000000c1800000, 0x00000000c1900000, 0x00000000c1900000|100%| O|  |TAMS 0x00000000c1900000, 0x00000000c1800000| Untracked 
|  25|0x00000000c1900000, 0x00000000c1a00000, 0x00000000c1a00000|100%| O|  |TAMS 0x00000000c1a00000, 0x00000000c1900000| Untracked 
|  26|0x00000000c1a00000, 0x00000000c1b00000, 0x00000000c1b00000|100%| O|  |TAMS 0x00000000c1b00000, 0x00000000c1a00000| Untracked 
|  27|0x00000000c1b00000, 0x00000000c1c00000, 0x00000000c1c00000|100%| O|  |TAMS 0x00000000c1c00000, 0x00000000c1b00000| Untracked 
|  28|0x00000000c1c00000, 0x00000000c1d00000, 0x00000000c1d00000|100%| O|  |TAMS 0x00000000c1d00000, 0x00000000c1c00000| Untracked 
|  29|0x00000000c1d00000, 0x00000000c1e00000, 0x00000000c1e00000|100%| O|  |TAMS 0x00000000c1e00000, 0x00000000c1d00000| Untracked 
|  30|0x00000000c1e00000, 0x00000000c1f00000, 0x00000000c1f00000|100%| O|  |TAMS 0x00000000c1f00000, 0x00000000c1e00000| Untracked 
|  31|0x00000000c1f00000, 0x00000000c2000000, 0x00000000c2000000|100%| O|  |TAMS 0x00000000c2000000, 0x00000000c1f00000| Untracked 
|  32|0x00000000c2000000, 0x00000000c2100000, 0x00000000c2100000|100%| O|  |TAMS 0x00000000c2100000, 0x00000000c2000000| Untracked 
|  33|0x00000000c2100000, 0x00000000c2200000, 0x00000000c2200000|100%| O|  |TAMS 0x00000000c2200000, 0x00000000c2100000| Untracked 
|  34|0x00000000c2200000, 0x00000000c2300000, 0x00000000c2300000|100%| O|  |TAMS 0x00000000c2300000, 0x00000000c2200000| Untracked 
|  35|0x00000000c2300000, 0x00000000c2400000, 0x00000000c2400000|100%| O|  |TAMS 0x00000000c2400000, 0x00000000c2300000| Untracked 
|  36|0x00000000c2400000, 0x00000000c2500000, 0x00000000c2500000|100%| O|  |TAMS 0x00000000c2500000, 0x00000000c2400000| Untracked 
|  37|0x00000000c2500000, 0x00000000c2600000, 0x00000000c2600000|100%| O|  |TAMS 0x00000000c2600000, 0x00000000c2500000| Untracked 
|  38|0x00000000c2600000, 0x00000000c2700000, 0x00000000c2700000|100%| O|  |TAMS 0x00000000c2700000, 0x00000000c2600000| Untracked 
|  39|0x00000000c2700000, 0x00000000c2800000, 0x00000000c2800000|100%| O|  |TAMS 0x00000000c2800000, 0x00000000c2700000| Untracked 
|  40|0x00000000c2800000, 0x00000000c2900000, 0x00000000c2900000|100%| O|  |TAMS 0x00000000c2900000, 0x00000000c2800000| Untracked 
|  41|0x00000000c2900000, 0x00000000c2a00000, 0x00000000c2a00000|100%| O|  |TAMS 0x00000000c2a00000, 0x00000000c2900000| Untracked 
|  42|0x00000000c2a00000, 0x00000000c2b00000, 0x00000000c2b00000|100%| O|  |TAMS 0x00000000c2b00000, 0x00000000c2a00000| Untracked 
|  43|0x00000000c2b00000, 0x00000000c2c00000, 0x00000000c2c00000|100%| O|  |TAMS 0x00000000c2c00000, 0x00000000c2b00000| Untracked 
|  44|0x00000000c2c00000, 0x00000000c2d00000, 0x00000000c2d00000|100%| O|  |TAMS 0x00000000c2d00000, 0x00000000c2c00000| Untracked 
|  45|0x00000000c2d00000, 0x00000000c2e00000, 0x00000000c2e00000|100%| O|  |TAMS 0x00000000c2e00000, 0x00000000c2d00000| Untracked 
|  46|0x00000000c2e00000, 0x00000000c2f00000, 0x00000000c2f00000|100%| O|  |TAMS 0x00000000c2f00000, 0x00000000c2e00000| Untracked 
|  47|0x00000000c2f00000, 0x00000000c3000000, 0x00000000c3000000|100%| O|  |TAMS 0x00000000c3000000, 0x00000000c2f00000| Untracked 
|  48|0x00000000c3000000, 0x00000000c3100000, 0x00000000c3100000|100%| O|  |TAMS 0x00000000c3100000, 0x00000000c3000000| Untracked 
|  49|0x00000000c3100000, 0x00000000c3200000, 0x00000000c3200000|100%| O|  |TAMS 0x00000000c3200000, 0x00000000c3100000| Untracked 
|  50|0x00000000c3200000, 0x00000000c3300000, 0x00000000c3300000|100%| O|  |TAMS 0x00000000c3300000, 0x00000000c3200000| Untracked 
|  51|0x00000000c3300000, 0x00000000c3400000, 0x00000000c3400000|100%| O|  |TAMS 0x00000000c3400000, 0x00000000c3300000| Untracked 
|  52|0x00000000c3400000, 0x00000000c3500000, 0x00000000c3500000|100%| O|  |TAMS 0x00000000c3500000, 0x00000000c3400000| Untracked 
|  53|0x00000000c3500000, 0x00000000c3600000, 0x00000000c3600000|100%| O|  |TAMS 0x00000000c3600000, 0x00000000c3500000| Untracked 
|  54|0x00000000c3600000, 0x00000000c3700000, 0x00000000c3700000|100%| O|  |TAMS 0x00000000c3700000, 0x00000000c3600000| Untracked 
|  55|0x00000000c3700000, 0x00000000c3800000, 0x00000000c3800000|100%| O|  |TAMS 0x00000000c3800000, 0x00000000c3700000| Untracked 
|  56|0x00000000c3800000, 0x00000000c3900000, 0x00000000c3900000|100%| O|  |TAMS 0x00000000c3900000, 0x00000000c3800000| Untracked 
|  57|0x00000000c3900000, 0x00000000c3900000, 0x00000000c3a00000|  0%| F|  |TAMS 0x00000000c3900000, 0x00000000c3900000| Untracked 
|  58|0x00000000c3a00000, 0x00000000c3b00000, 0x00000000c3b00000|100%| O|  |TAMS 0x00000000c3b00000, 0x00000000c3a00000| Untracked 
|  59|0x00000000c3b00000, 0x00000000c3c00000, 0x00000000c3c00000|100%| O|  |TAMS 0x00000000c3c00000, 0x00000000c3b00000| Untracked 
|  60|0x00000000c3c00000, 0x00000000c3d00000, 0x00000000c3d00000|100%| O|  |TAMS 0x00000000c3d00000, 0x00000000c3c00000| Untracked 
|  61|0x00000000c3d00000, 0x00000000c3e00000, 0x00000000c3e00000|100%| O|  |TAMS 0x00000000c3e00000, 0x00000000c3d00000| Untracked 
|  62|0x00000000c3e00000, 0x00000000c3f00000, 0x00000000c3f00000|100%| O|  |TAMS 0x00000000c3f00000, 0x00000000c3e00000| Untracked 
|  63|0x00000000c3f00000, 0x00000000c4000000, 0x00000000c4000000|100%| O|  |TAMS 0x00000000c4000000, 0x00000000c3f00000| Untracked 
|  64|0x00000000c4000000, 0x00000000c4100000, 0x00000000c4100000|100%| O|  |TAMS 0x00000000c4100000, 0x00000000c4000000| Untracked 
|  65|0x00000000c4100000, 0x00000000c4200000, 0x00000000c4200000|100%| O|  |TAMS 0x00000000c4200000, 0x00000000c4100000| Untracked 
|  66|0x00000000c4200000, 0x00000000c4300000, 0x00000000c4300000|100%| O|  |TAMS 0x00000000c4300000, 0x00000000c4200000| Untracked 
|  67|0x00000000c4300000, 0x00000000c4400000, 0x00000000c4400000|100%| O|  |TAMS 0x00000000c4400000, 0x00000000c4300000| Untracked 
|  68|0x00000000c4400000, 0x00000000c4500000, 0x00000000c4500000|100%| O|  |TAMS 0x00000000c4500000, 0x00000000c4400000| Untracked 
|  69|0x00000000c4500000, 0x00000000c4600000, 0x00000000c4600000|100%| O|  |TAMS 0x00000000c4600000, 0x00000000c4500000| Untracked 
|  70|0x00000000c4600000, 0x00000000c4700000, 0x00000000c4700000|100%| O|  |TAMS 0x00000000c4700000, 0x00000000c4600000| Untracked 
|  71|0x00000000c4700000, 0x00000000c4800000, 0x00000000c4800000|100%| O|  |TAMS 0x00000000c4800000, 0x00000000c4700000| Untracked 
|  72|0x00000000c4800000, 0x00000000c4900000, 0x00000000c4900000|100%| O|  |TAMS 0x00000000c4900000, 0x00000000c4800000| Untracked 
|  73|0x00000000c4900000, 0x00000000c4a00000, 0x00000000c4a00000|100%| O|  |TAMS 0x00000000c4a00000, 0x00000000c4900000| Untracked 
|  74|0x00000000c4a00000, 0x00000000c4b00000, 0x00000000c4b00000|100%| O|  |TAMS 0x00000000c4b00000, 0x00000000c4a00000| Untracked 
|  75|0x00000000c4b00000, 0x00000000c4c00000, 0x00000000c4c00000|100%| O|  |TAMS 0x00000000c4c00000, 0x00000000c4b00000| Untracked 
|  76|0x00000000c4c00000, 0x00000000c4d00000, 0x00000000c4d00000|100%| O|  |TAMS 0x00000000c4d00000, 0x00000000c4c00000| Untracked 
|  77|0x00000000c4d00000, 0x00000000c4e00000, 0x00000000c4e00000|100%| O|  |TAMS 0x00000000c4e00000, 0x00000000c4d00000| Untracked 
|  78|0x00000000c4e00000, 0x00000000c4f00000, 0x00000000c4f00000|100%| O|  |TAMS 0x00000000c4f00000, 0x00000000c4e00000| Untracked 
|  79|0x00000000c4f00000, 0x00000000c5000000, 0x00000000c5000000|100%| O|  |TAMS 0x00000000c5000000, 0x00000000c4f00000| Untracked 
|  80|0x00000000c5000000, 0x00000000c5000000, 0x00000000c5100000|  0%| F|  |TAMS 0x00000000c5000000, 0x00000000c5000000| Untracked 
|  81|0x00000000c5100000, 0x00000000c5200000, 0x00000000c5200000|100%| O|  |TAMS 0x00000000c51f4c00, 0x00000000c5100000| Untracked 
|  82|0x00000000c5200000, 0x00000000c5300000, 0x00000000c5300000|100%| O|  |TAMS 0x00000000c5200000, 0x00000000c5200000| Untracked 
|  83|0x00000000c5300000, 0x00000000c5400000, 0x00000000c5400000|100%| O|  |TAMS 0x00000000c5300000, 0x00000000c5300000| Untracked 
|  84|0x00000000c5400000, 0x00000000c5500000, 0x00000000c5500000|100%| O|  |TAMS 0x00000000c5400000, 0x00000000c5400000| Untracked 
|  85|0x00000000c5500000, 0x00000000c5600000, 0x00000000c5600000|100%| O|  |TAMS 0x00000000c5500000, 0x00000000c5500000| Untracked 
|  86|0x00000000c5600000, 0x00000000c5700000, 0x00000000c5700000|100%| O|  |TAMS 0x00000000c5600000, 0x00000000c5600000| Untracked 
|  87|0x00000000c5700000, 0x00000000c5800000, 0x00000000c5800000|100%| O|  |TAMS 0x00000000c5700000, 0x00000000c5700000| Untracked 
|  88|0x00000000c5800000, 0x00000000c5900000, 0x00000000c5900000|100%| O|  |TAMS 0x00000000c5800000, 0x00000000c5800000| Untracked 
|  89|0x00000000c5900000, 0x00000000c5a00000, 0x00000000c5a00000|100%| O|  |TAMS 0x00000000c5900000, 0x00000000c5900000| Untracked 
|  90|0x00000000c5a00000, 0x00000000c5b00000, 0x00000000c5b00000|100%| O|  |TAMS 0x00000000c5a00000, 0x00000000c5a00000| Untracked 
|  91|0x00000000c5b00000, 0x00000000c5c00000, 0x00000000c5c00000|100%| O|  |TAMS 0x00000000c5b00000, 0x00000000c5b00000| Untracked 
|  92|0x00000000c5c00000, 0x00000000c5d00000, 0x00000000c5d00000|100%| O|  |TAMS 0x00000000c5c00000, 0x00000000c5c00000| Untracked 
|  93|0x00000000c5d00000, 0x00000000c5e00000, 0x00000000c5e00000|100%| O|  |TAMS 0x00000000c5d00000, 0x00000000c5d00000| Untracked 
|  94|0x00000000c5e00000, 0x00000000c5f00000, 0x00000000c5f00000|100%|HS|  |TAMS 0x00000000c5e00000, 0x00000000c5e00000| Complete 
|  95|0x00000000c5f00000, 0x00000000c6000000, 0x00000000c6000000|100%|HS|  |TAMS 0x00000000c5f00000, 0x00000000c5f00000| Complete 
|  96|0x00000000c6000000, 0x00000000c6100000, 0x00000000c6100000|100%|HS|  |TAMS 0x00000000c6000000, 0x00000000c6000000| Complete 
|  97|0x00000000c6100000, 0x00000000c6200000, 0x00000000c6200000|100%|HS|  |TAMS 0x00000000c6100000, 0x00000000c6100000| Complete 
|  98|0x00000000c6200000, 0x00000000c6300000, 0x00000000c6300000|100%| O|  |TAMS 0x00000000c6200000, 0x00000000c6200000| Untracked 
|  99|0x00000000c6300000, 0x00000000c6400000, 0x00000000c6400000|100%| O|  |TAMS 0x00000000c6300000, 0x00000000c6300000| Untracked 
| 100|0x00000000c6400000, 0x00000000c6500000, 0x00000000c6500000|100%| O|  |TAMS 0x00000000c6400000, 0x00000000c6400000| Untracked 
| 101|0x00000000c6500000, 0x00000000c6600000, 0x00000000c6600000|100%| O|  |TAMS 0x00000000c6500000, 0x00000000c6500000| Untracked 
| 102|0x00000000c6600000, 0x00000000c6700000, 0x00000000c6700000|100%| O|  |TAMS 0x00000000c6600000, 0x00000000c6600000| Untracked 
| 103|0x00000000c6700000, 0x00000000c6800000, 0x00000000c6800000|100%| O|  |TAMS 0x00000000c6700000, 0x00000000c6700000| Untracked 
| 104|0x00000000c6800000, 0x00000000c6900000, 0x00000000c6900000|100%| O|  |TAMS 0x00000000c6800000, 0x00000000c6800000| Untracked 
| 105|0x00000000c6900000, 0x00000000c6a00000, 0x00000000c6a00000|100%| O|  |TAMS 0x00000000c6900000, 0x00000000c6900000| Untracked 
| 106|0x00000000c6a00000, 0x00000000c6b00000, 0x00000000c6b00000|100%| O|  |TAMS 0x00000000c6a00000, 0x00000000c6a00000| Untracked 
| 107|0x00000000c6b00000, 0x00000000c6c00000, 0x00000000c6c00000|100%| O|  |TAMS 0x00000000c6b00000, 0x00000000c6b00000| Untracked 
| 108|0x00000000c6c00000, 0x00000000c6d00000, 0x00000000c6d00000|100%| O|  |TAMS 0x00000000c6c00000, 0x00000000c6c00000| Untracked 
| 109|0x00000000c6d00000, 0x00000000c6e00000, 0x00000000c6e00000|100%| O|  |TAMS 0x00000000c6d00000, 0x00000000c6d00000| Untracked 
| 110|0x00000000c6e00000, 0x00000000c6f00000, 0x00000000c6f00000|100%| O|  |TAMS 0x00000000c6e00000, 0x00000000c6e00000| Untracked 
| 111|0x00000000c6f00000, 0x00000000c7000000, 0x00000000c7000000|100%| O|  |TAMS 0x00000000c6f00000, 0x00000000c6f00000| Untracked 
| 112|0x00000000c7000000, 0x00000000c7100000, 0x00000000c7100000|100%| O|  |TAMS 0x00000000c7000000, 0x00000000c7000000| Untracked 
| 113|0x00000000c7100000, 0x00000000c7200000, 0x00000000c7200000|100%| O|  |TAMS 0x00000000c7100000, 0x00000000c7100000| Untracked 
| 114|0x00000000c7200000, 0x00000000c7300000, 0x00000000c7300000|100%| O|  |TAMS 0x00000000c7200000, 0x00000000c7200000| Untracked 
| 115|0x00000000c7300000, 0x00000000c73cb000, 0x00000000c7400000| 79%| O|  |TAMS 0x00000000c7300000, 0x00000000c7300000| Untracked 
| 116|0x00000000c7400000, 0x00000000c7400000, 0x00000000c7500000|  0%| F|  |TAMS 0x00000000c7400000, 0x00000000c7400000| Untracked 
| 117|0x00000000c7500000, 0x00000000c7500000, 0x00000000c7600000|  0%| F|  |TAMS 0x00000000c7500000, 0x00000000c7500000| Untracked 
| 118|0x00000000c7600000, 0x00000000c7600000, 0x00000000c7700000|  0%| F|  |TAMS 0x00000000c7600000, 0x00000000c7600000| Untracked 
| 119|0x00000000c7700000, 0x00000000c7700000, 0x00000000c7800000|  0%| F|  |TAMS 0x00000000c7700000, 0x00000000c7700000| Untracked 
| 120|0x00000000c7800000, 0x00000000c7800000, 0x00000000c7900000|  0%| F|  |TAMS 0x00000000c7800000, 0x00000000c7800000| Untracked 
| 121|0x00000000c7900000, 0x00000000c7900000, 0x00000000c7a00000|  0%| F|  |TAMS 0x00000000c7900000, 0x00000000c7900000| Untracked 
| 122|0x00000000c7a00000, 0x00000000c7a00000, 0x00000000c7b00000|  0%| F|  |TAMS 0x00000000c7a00000, 0x00000000c7a00000| Untracked 
| 123|0x00000000c7b00000, 0x00000000c7b00000, 0x00000000c7c00000|  0%| F|  |TAMS 0x00000000c7b00000, 0x00000000c7b00000| Untracked 
| 124|0x00000000c7c00000, 0x00000000c7c00000, 0x00000000c7d00000|  0%| F|  |TAMS 0x00000000c7c00000, 0x00000000c7c00000| Untracked 
| 125|0x00000000c7d00000, 0x00000000c7d00000, 0x00000000c7e00000|  0%| F|  |TAMS 0x00000000c7d00000, 0x00000000c7d00000| Untracked 
| 126|0x00000000c7e00000, 0x00000000c7e00000, 0x00000000c7f00000|  0%| F|  |TAMS 0x00000000c7e00000, 0x00000000c7e00000| Untracked 
| 127|0x00000000c7f00000, 0x00000000c7f00000, 0x00000000c8000000|  0%| F|  |TAMS 0x00000000c7f00000, 0x00000000c7f00000| Untracked 
| 128|0x00000000c8000000, 0x00000000c8000000, 0x00000000c8100000|  0%| F|  |TAMS 0x00000000c8000000, 0x00000000c8000000| Untracked 
| 129|0x00000000c8100000, 0x00000000c8100000, 0x00000000c8200000|  0%| F|  |TAMS 0x00000000c8100000, 0x00000000c8100000| Untracked 
| 130|0x00000000c8200000, 0x00000000c8200000, 0x00000000c8300000|  0%| F|  |TAMS 0x00000000c8200000, 0x00000000c8200000| Untracked 
| 131|0x00000000c8300000, 0x00000000c8300000, 0x00000000c8400000|  0%| F|  |TAMS 0x00000000c8300000, 0x00000000c8300000| Untracked 
| 132|0x00000000c8400000, 0x00000000c8400000, 0x00000000c8500000|  0%| F|  |TAMS 0x00000000c8400000, 0x00000000c8400000| Untracked 
| 133|0x00000000c8500000, 0x00000000c8500000, 0x00000000c8600000|  0%| F|  |TAMS 0x00000000c8500000, 0x00000000c8500000| Untracked 
| 134|0x00000000c8600000, 0x00000000c8600000, 0x00000000c8700000|  0%| F|  |TAMS 0x00000000c8600000, 0x00000000c8600000| Untracked 
| 135|0x00000000c8700000, 0x00000000c8700000, 0x00000000c8800000|  0%| F|  |TAMS 0x00000000c8700000, 0x00000000c8700000| Untracked 
| 136|0x00000000c8800000, 0x00000000c8800000, 0x00000000c8900000|  0%| F|  |TAMS 0x00000000c8800000, 0x00000000c8800000| Untracked 
| 137|0x00000000c8900000, 0x00000000c8900000, 0x00000000c8a00000|  0%| F|  |TAMS 0x00000000c8900000, 0x00000000c8900000| Untracked 
| 138|0x00000000c8a00000, 0x00000000c8a00000, 0x00000000c8b00000|  0%| F|  |TAMS 0x00000000c8a00000, 0x00000000c8a00000| Untracked 
| 139|0x00000000c8b00000, 0x00000000c8b00000, 0x00000000c8c00000|  0%| F|  |TAMS 0x00000000c8b00000, 0x00000000c8b00000| Untracked 
| 140|0x00000000c8c00000, 0x00000000c8c00000, 0x00000000c8d00000|  0%| F|  |TAMS 0x00000000c8c00000, 0x00000000c8c00000| Untracked 
| 141|0x00000000c8d00000, 0x00000000c8d00000, 0x00000000c8e00000|  0%| F|  |TAMS 0x00000000c8d00000, 0x00000000c8d00000| Untracked 
| 142|0x00000000c8e00000, 0x00000000c8e00000, 0x00000000c8f00000|  0%| F|  |TAMS 0x00000000c8e00000, 0x00000000c8e00000| Untracked 
| 143|0x00000000c8f00000, 0x00000000c8f00000, 0x00000000c9000000|  0%| F|  |TAMS 0x00000000c8f00000, 0x00000000c8f00000| Untracked 
| 144|0x00000000c9000000, 0x00000000c9000000, 0x00000000c9100000|  0%| F|  |TAMS 0x00000000c9000000, 0x00000000c9000000| Untracked 
| 145|0x00000000c9100000, 0x00000000c9100000, 0x00000000c9200000|  0%| F|  |TAMS 0x00000000c9100000, 0x00000000c9100000| Untracked 
| 146|0x00000000c9200000, 0x00000000c9200000, 0x00000000c9300000|  0%| F|  |TAMS 0x00000000c9200000, 0x00000000c9200000| Untracked 
| 147|0x00000000c9300000, 0x00000000c9300000, 0x00000000c9400000|  0%| F|  |TAMS 0x00000000c9300000, 0x00000000c9300000| Untracked 
| 148|0x00000000c9400000, 0x00000000c9400000, 0x00000000c9500000|  0%| F|  |TAMS 0x00000000c9400000, 0x00000000c9400000| Untracked 
| 149|0x00000000c9500000, 0x00000000c9500000, 0x00000000c9600000|  0%| F|  |TAMS 0x00000000c9500000, 0x00000000c9500000| Untracked 
| 150|0x00000000c9600000, 0x00000000c9600000, 0x00000000c9700000|  0%| F|  |TAMS 0x00000000c9600000, 0x00000000c9600000| Untracked 
| 151|0x00000000c9700000, 0x00000000c9700000, 0x00000000c9800000|  0%| F|  |TAMS 0x00000000c9700000, 0x00000000c9700000| Untracked 
| 152|0x00000000c9800000, 0x00000000c9800000, 0x00000000c9900000|  0%| F|  |TAMS 0x00000000c9800000, 0x00000000c9800000| Untracked 
| 153|0x00000000c9900000, 0x00000000c9900000, 0x00000000c9a00000|  0%| F|  |TAMS 0x00000000c9900000, 0x00000000c9900000| Untracked 
| 154|0x00000000c9a00000, 0x00000000c9a00000, 0x00000000c9b00000|  0%| F|  |TAMS 0x00000000c9a00000, 0x00000000c9a00000| Untracked 
| 155|0x00000000c9b00000, 0x00000000c9b00000, 0x00000000c9c00000|  0%| F|  |TAMS 0x00000000c9b00000, 0x00000000c9b00000| Untracked 
| 156|0x00000000c9c00000, 0x00000000c9c00000, 0x00000000c9d00000|  0%| F|  |TAMS 0x00000000c9c00000, 0x00000000c9c00000| Untracked 
| 157|0x00000000c9d00000, 0x00000000c9d00000, 0x00000000c9e00000|  0%| F|  |TAMS 0x00000000c9d00000, 0x00000000c9d00000| Untracked 
| 158|0x00000000c9e00000, 0x00000000c9e00000, 0x00000000c9f00000|  0%| F|  |TAMS 0x00000000c9e00000, 0x00000000c9e00000| Untracked 
| 159|0x00000000c9f00000, 0x00000000c9f00000, 0x00000000ca000000|  0%| F|  |TAMS 0x00000000c9f00000, 0x00000000c9f00000| Untracked 
| 160|0x00000000ca000000, 0x00000000ca000000, 0x00000000ca100000|  0%| F|  |TAMS 0x00000000ca000000, 0x00000000ca000000| Untracked 
| 161|0x00000000ca100000, 0x00000000ca100000, 0x00000000ca200000|  0%| F|  |TAMS 0x00000000ca100000, 0x00000000ca100000| Untracked 
| 162|0x00000000ca200000, 0x00000000ca200000, 0x00000000ca300000|  0%| F|  |TAMS 0x00000000ca200000, 0x00000000ca200000| Untracked 
| 163|0x00000000ca300000, 0x00000000ca300000, 0x00000000ca400000|  0%| F|  |TAMS 0x00000000ca300000, 0x00000000ca300000| Untracked 
| 164|0x00000000ca400000, 0x00000000ca400000, 0x00000000ca500000|  0%| F|  |TAMS 0x00000000ca400000, 0x00000000ca400000| Untracked 
| 165|0x00000000ca500000, 0x00000000ca500000, 0x00000000ca600000|  0%| F|  |TAMS 0x00000000ca500000, 0x00000000ca500000| Untracked 
| 166|0x00000000ca600000, 0x00000000ca600000, 0x00000000ca700000|  0%| F|  |TAMS 0x00000000ca600000, 0x00000000ca600000| Untracked 
| 167|0x00000000ca700000, 0x00000000ca700000, 0x00000000ca800000|  0%| F|  |TAMS 0x00000000ca700000, 0x00000000ca700000| Untracked 
| 168|0x00000000ca800000, 0x00000000ca800000, 0x00000000ca900000|  0%| F|  |TAMS 0x00000000ca800000, 0x00000000ca800000| Untracked 
| 169|0x00000000ca900000, 0x00000000ca900000, 0x00000000caa00000|  0%| F|  |TAMS 0x00000000ca900000, 0x00000000ca900000| Untracked 
| 170|0x00000000caa00000, 0x00000000caa00000, 0x00000000cab00000|  0%| F|  |TAMS 0x00000000caa00000, 0x00000000caa00000| Untracked 
| 171|0x00000000cab00000, 0x00000000cab00000, 0x00000000cac00000|  0%| F|  |TAMS 0x00000000cab00000, 0x00000000cab00000| Untracked 
| 172|0x00000000cac00000, 0x00000000cac00000, 0x00000000cad00000|  0%| F|  |TAMS 0x00000000cac00000, 0x00000000cac00000| Untracked 
| 173|0x00000000cad00000, 0x00000000cad00000, 0x00000000cae00000|  0%| F|  |TAMS 0x00000000cad00000, 0x00000000cad00000| Untracked 
| 174|0x00000000cae00000, 0x00000000cae00000, 0x00000000caf00000|  0%| F|  |TAMS 0x00000000cae00000, 0x00000000cae00000| Untracked 
| 175|0x00000000caf00000, 0x00000000caf00000, 0x00000000cb000000|  0%| F|  |TAMS 0x00000000caf00000, 0x00000000caf00000| Untracked 
| 176|0x00000000cb000000, 0x00000000cb000000, 0x00000000cb100000|  0%| F|  |TAMS 0x00000000cb000000, 0x00000000cb000000| Untracked 
| 177|0x00000000cb100000, 0x00000000cb100000, 0x00000000cb200000|  0%| F|  |TAMS 0x00000000cb100000, 0x00000000cb100000| Untracked 
| 178|0x00000000cb200000, 0x00000000cb200000, 0x00000000cb300000|  0%| F|  |TAMS 0x00000000cb200000, 0x00000000cb200000| Untracked 
| 179|0x00000000cb300000, 0x00000000cb300000, 0x00000000cb400000|  0%| F|  |TAMS 0x00000000cb300000, 0x00000000cb300000| Untracked 
| 180|0x00000000cb400000, 0x00000000cb400000, 0x00000000cb500000|  0%| F|  |TAMS 0x00000000cb400000, 0x00000000cb400000| Untracked 
| 181|0x00000000cb500000, 0x00000000cb500000, 0x00000000cb600000|  0%| F|  |TAMS 0x00000000cb500000, 0x00000000cb500000| Untracked 
| 182|0x00000000cb600000, 0x00000000cb600000, 0x00000000cb700000|  0%| F|  |TAMS 0x00000000cb600000, 0x00000000cb600000| Untracked 
| 183|0x00000000cb700000, 0x00000000cb700000, 0x00000000cb800000|  0%| F|  |TAMS 0x00000000cb700000, 0x00000000cb700000| Untracked 
| 184|0x00000000cb800000, 0x00000000cb800000, 0x00000000cb900000|  0%| F|  |TAMS 0x00000000cb800000, 0x00000000cb800000| Untracked 
| 185|0x00000000cb900000, 0x00000000cb900000, 0x00000000cba00000|  0%| F|  |TAMS 0x00000000cb900000, 0x00000000cb900000| Untracked 
| 186|0x00000000cba00000, 0x00000000cba00000, 0x00000000cbb00000|  0%| F|  |TAMS 0x00000000cba00000, 0x00000000cba00000| Untracked 
| 187|0x00000000cbb00000, 0x00000000cbb00000, 0x00000000cbc00000|  0%| F|  |TAMS 0x00000000cbb00000, 0x00000000cbb00000| Untracked 
| 188|0x00000000cbc00000, 0x00000000cbc00000, 0x00000000cbd00000|  0%| F|  |TAMS 0x00000000cbc00000, 0x00000000cbc00000| Untracked 
| 189|0x00000000cbd00000, 0x00000000cbd00000, 0x00000000cbe00000|  0%| F|  |TAMS 0x00000000cbd00000, 0x00000000cbd00000| Untracked 
| 190|0x00000000cbe00000, 0x00000000cbe00000, 0x00000000cbf00000|  0%| F|  |TAMS 0x00000000cbe00000, 0x00000000cbe00000| Untracked 
| 191|0x00000000cbf00000, 0x00000000cbf00000, 0x00000000cc000000|  0%| F|  |TAMS 0x00000000cbf00000, 0x00000000cbf00000| Untracked 
| 192|0x00000000cc000000, 0x00000000cc000000, 0x00000000cc100000|  0%| F|  |TAMS 0x00000000cc000000, 0x00000000cc000000| Untracked 
| 193|0x00000000cc100000, 0x00000000cc100000, 0x00000000cc200000|  0%| F|  |TAMS 0x00000000cc100000, 0x00000000cc100000| Untracked 
| 194|0x00000000cc200000, 0x00000000cc200000, 0x00000000cc300000|  0%| F|  |TAMS 0x00000000cc200000, 0x00000000cc200000| Untracked 
| 195|0x00000000cc300000, 0x00000000cc300000, 0x00000000cc400000|  0%| F|  |TAMS 0x00000000cc300000, 0x00000000cc300000| Untracked 
| 196|0x00000000cc400000, 0x00000000cc400000, 0x00000000cc500000|  0%| F|  |TAMS 0x00000000cc400000, 0x00000000cc400000| Untracked 
| 197|0x00000000cc500000, 0x00000000cc500000, 0x00000000cc600000|  0%| F|  |TAMS 0x00000000cc500000, 0x00000000cc500000| Untracked 
| 198|0x00000000cc600000, 0x00000000cc600000, 0x00000000cc700000|  0%| F|  |TAMS 0x00000000cc600000, 0x00000000cc600000| Untracked 
| 199|0x00000000cc700000, 0x00000000cc700000, 0x00000000cc800000|  0%| F|  |TAMS 0x00000000cc700000, 0x00000000cc700000| Untracked 
| 200|0x00000000cc800000, 0x00000000cc800000, 0x00000000cc900000|  0%| F|  |TAMS 0x00000000cc800000, 0x00000000cc800000| Untracked 
| 201|0x00000000cc900000, 0x00000000cc900000, 0x00000000cca00000|  0%| F|  |TAMS 0x00000000cc900000, 0x00000000cc900000| Untracked 
| 202|0x00000000cca00000, 0x00000000cca00000, 0x00000000ccb00000|  0%| F|  |TAMS 0x00000000cca00000, 0x00000000cca00000| Untracked 
| 203|0x00000000ccb00000, 0x00000000ccb00000, 0x00000000ccc00000|  0%| F|  |TAMS 0x00000000ccb00000, 0x00000000ccb00000| Untracked 
| 204|0x00000000ccc00000, 0x00000000ccc80760, 0x00000000ccd00000| 50%| S|CS|TAMS 0x00000000ccc00000, 0x00000000ccc00000| Complete 
| 205|0x00000000ccd00000, 0x00000000cce00000, 0x00000000cce00000|100%| S|CS|TAMS 0x00000000ccd00000, 0x00000000ccd00000| Complete 
| 206|0x00000000cce00000, 0x00000000cce00000, 0x00000000ccf00000|  0%| F|  |TAMS 0x00000000cce00000, 0x00000000cce00000| Untracked 
| 207|0x00000000ccf00000, 0x00000000ccf00000, 0x00000000cd000000|  0%| F|  |TAMS 0x00000000ccf00000, 0x00000000ccf00000| Untracked 
| 208|0x00000000cd000000, 0x00000000cd000000, 0x00000000cd100000|  0%| F|  |TAMS 0x00000000cd000000, 0x00000000cd000000| Untracked 
| 209|0x00000000cd100000, 0x00000000cd100000, 0x00000000cd200000|  0%| F|  |TAMS 0x00000000cd100000, 0x00000000cd100000| Untracked 

Card table byte_map: [0x00000216f01b0000,0x00000216f03b0000] _byte_map_base: 0x00000216efbb0000

Marking Bits (Prev, Next): (CMBitMap*) 0x00000216d8c55870, (CMBitMap*) 0x00000216d8c55830
 Prev Bits: [0x00000216f15b0000, 0x00000216f25b0000)
 Next Bits: [0x00000216f05b0000, 0x00000216f15b0000)

Polling page: 0x00000216d6990000

Metaspace:

Usage:
  Non-class:      6.78 MB used.
      Class:    889.15 KB used.
       Both:      7.65 MB used.

Virtual space:
  Non-class space:       64.00 MB reserved,       7.00 MB ( 11%) committed,  1 nodes.
      Class space:        1.00 GB reserved,       1.00 MB ( <1%) committed,  1 nodes.
             Both:        1.06 GB reserved,       8.00 MB ( <1%) committed. 

Chunk freelists:
   Non-Class:  8.47 MB
       Class:  14.89 MB
        Both:  23.36 MB

MaxMetaspaceSize: unlimited
CompressedClassSpaceSize: 1.00 GB
Initial GC threshold: 21.00 MB
Current GC threshold: 21.00 MB
CDS: on
MetaspaceReclaimPolicy: balanced
 - commit_granule_bytes: 65536.
 - commit_granule_words: 8192.
 - virtual_space_node_default_size: 8388608.
 - enlarge_chunks_in_place: 1.
 - new_chunks_are_fully_committed: 0.
 - uncommit_free_chunks: 1.
 - use_allocation_guard: 0.
 - handle_deallocations: 1.


Internal statistics:

num_allocs_failed_limit: 0.
num_arena_births: 212.
num_arena_deaths: 132.
num_vsnodes_births: 2.
num_vsnodes_deaths: 0.
num_space_committed: 128.
num_space_uncommitted: 0.
num_chunks_returned_to_freelist: 195.
num_chunks_taken_from_freelist: 479.
num_chunk_merges: 85.
num_chunk_splits: 286.
num_chunks_enlarged: 136.
num_inconsistent_stats: 0.

CodeHeap 'non-profiled nmethods': size=119168Kb used=1117Kb max_used=1117Kb free=118050Kb
 bounds [0x00000216e82d0000, 0x00000216e8540000, 0x00000216ef730000]
CodeHeap 'profiled nmethods': size=119104Kb used=4375Kb max_used=4375Kb free=114728Kb
 bounds [0x00000216e0730000, 0x00000216e0b80000, 0x00000216e7b80000]
CodeHeap 'non-nmethods': size=7488Kb used=2851Kb max_used=2910Kb free=4636Kb
 bounds [0x00000216e7b80000, 0x00000216e7e60000, 0x00000216e82d0000]
 total_blobs=2582 nmethods=2131 adapters=361
 compilation: enabled
              stopped_count=0, restarted_count=0
 full_count=0

Compilation events (20 events):
Event: 1.735 Thread 0x00000216f5566290 2242       2       com.android.tools.r8.graph.b4::b (130 bytes)
Event: 1.735 Thread 0x00000216f58141f0 2243       2       com.android.tools.r8.internal.FF::b (35 bytes)
Event: 1.735 Thread 0x00000216f58141f0 nmethod 2243 0x00000216e0b71710 code [0x00000216e0b718c0, 0x00000216e0b71ab8]
Event: 1.735 Thread 0x00000216f58141f0 2244       2       com.android.tools.r8.graph.m0::a (128 bytes)
Event: 1.736 Thread 0x00000216f5566290 nmethod 2242 0x00000216e0b71c10 code [0x00000216e0b71ea0, 0x00000216e0b72a88]
Event: 1.736 Thread 0x00000216f58141f0 nmethod 2244 0x00000216e0b73190 code [0x00000216e0b733c0, 0x00000216e0b73ef8]
Event: 1.764 Thread 0x00000216f58141f0 2245       3       java.lang.StrictMath::ceil (10 bytes)
Event: 1.764 Thread 0x00000216f58141f0 nmethod 2245 0x00000216e0b74310 code [0x00000216e0b744e0, 0x00000216e0b74608]
Event: 1.770 Thread 0x00000216f5813240 nmethod 2232 0x00000216e83e5f10 code [0x00000216e83e60e0, 0x00000216e83e6b58]
Event: 1.770 Thread 0x00000216f5813240 2191       4       com.android.tools.r8.internal.WQ::a (74 bytes)
Event: 1.773 Thread 0x00000216f5813240 nmethod 2191 0x00000216e83e6f90 code [0x00000216e83e7120, 0x00000216e83e72b8]
Event: 1.773 Thread 0x00000216f5813240 2165 %     4       com.android.tools.r8.internal.fb::a @ 2507 (5041 bytes)
Event: 1.775 Thread 0x00000216f557e9c0 2246       3       java.lang.StrictMath::floorOrCeil (128 bytes)
Event: 1.776 Thread 0x00000216f557e9c0 nmethod 2246 0x00000216e0b74690 code [0x00000216e0b74860, 0x00000216e0b74cf8]
Event: 1.796 Thread 0x00000216f557e9c0 2247       3       com.android.tools.r8.graph.a4::a (47 bytes)
Event: 1.796 Thread 0x00000216f557e9c0 nmethod 2247 0x00000216e0b74e10 code [0x00000216e0b75000, 0x00000216e0b755a8]
Event: 1.817 Thread 0x00000216f557e9c0 2249       1       java.lang.Float::floatValue (5 bytes)
Event: 1.818 Thread 0x00000216f557e9c0 nmethod 2249 0x00000216e83e7490 code [0x00000216e83e7620, 0x00000216e83e76f8]
Event: 1.838 Thread 0x00000216f5566290 2250  s    3       java.lang.Throwable::fillInStackTrace (29 bytes)
Event: 1.838 Thread 0x00000216f5566290 nmethod 2250 0x00000216e0b75790 code [0x00000216e0b75940, 0x00000216e0b75c28]

GC Heap History (20 events):
Event: 0.590 GC heap after
{Heap after GC invocations=1 (full 0):
 garbage-first heap   total 129024K, used 8435K [0x00000000c0000000, 0x0000000100000000)
  region size 1024K, 3 young (3072K), 3 survivors (3072K)
 Metaspace       used 4633K, committed 4800K, reserved 1114112K
  class space    used 495K, committed 576K, reserved 1048576K
}
Event: 0.802 GC heap before
{Heap before GC invocations=1 (full 0):
 garbage-first heap   total 129024K, used 41203K [0x00000000c0000000, 0x0000000100000000)
  region size 1024K, 31 young (31744K), 3 survivors (3072K)
 Metaspace       used 5936K, committed 6080K, reserved 1114112K
  class space    used 652K, committed 704K, reserved 1048576K
}
Event: 0.809 GC heap after
{Heap after GC invocations=2 (full 0):
 garbage-first heap   total 129024K, used 15959K [0x00000000c0000000, 0x0000000100000000)
  region size 1024K, 4 young (4096K), 4 survivors (4096K)
 Metaspace       used 5936K, committed 6080K, reserved 1114112K
  class space    used 652K, committed 704K, reserved 1048576K
}
Event: 0.985 GC heap before
{Heap before GC invocations=2 (full 0):
 garbage-first heap   total 129024K, used 80471K [0x00000000c0000000, 0x0000000100000000)
  region size 1024K, 66 young (67584K), 4 survivors (4096K)
 Metaspace       used 5943K, committed 6080K, reserved 1114112K
  class space    used 652K, committed 704K, reserved 1048576K
}
Event: 0.992 GC heap after
{Heap after GC invocations=3 (full 0):
 garbage-first heap   total 129024K, used 32768K [0x00000000c0000000, 0x0000000100000000)
  region size 1024K, 9 young (9216K), 9 survivors (9216K)
 Metaspace       used 5943K, committed 6080K, reserved 1114112K
  class space    used 652K, committed 704K, reserved 1048576K
}
Event: 1.084 GC heap before
{Heap before GC invocations=3 (full 0):
 garbage-first heap   total 129024K, used 75776K [0x00000000c0000000, 0x0000000100000000)
  region size 1024K, 51 young (52224K), 9 survivors (9216K)
 Metaspace       used 5951K, committed 6080K, reserved 1114112K
  class space    used 652K, committed 704K, reserved 1048576K
}
Event: 1.092 GC heap after
{Heap after GC invocations=4 (full 0):
 garbage-first heap   total 129024K, used 44544K [0x00000000c0000000, 0x0000000100000000)
  region size 1024K, 7 young (7168K), 7 survivors (7168K)
 Metaspace       used 5951K, committed 6080K, reserved 1114112K
  class space    used 652K, committed 704K, reserved 1048576K
}
Event: 1.170 GC heap before
{Heap before GC invocations=4 (full 0):
 garbage-first heap   total 129024K, used 83456K [0x00000000c0000000, 0x0000000100000000)
  region size 1024K, 45 young (46080K), 7 survivors (7168K)
 Metaspace       used 6173K, committed 6336K, reserved 1114112K
  class space    used 675K, committed 768K, reserved 1048576K
}
Event: 1.174 GC heap after
{Heap after GC invocations=5 (full 0):
 garbage-first heap   total 129024K, used 54272K [0x00000000c0000000, 0x0000000100000000)
  region size 1024K, 6 young (6144K), 6 survivors (6144K)
 Metaspace       used 6173K, committed 6336K, reserved 1114112K
  class space    used 675K, committed 768K, reserved 1048576K
}
Event: 1.375 GC heap before
{Heap before GC invocations=5 (full 0):
 garbage-first heap   total 129024K, used 90112K [0x00000000c0000000, 0x0000000100000000)
  region size 1024K, 41 young (41984K), 6 survivors (6144K)
 Metaspace       used 7537K, committed 7744K, reserved 1114112K
  class space    used 864K, committed 960K, reserved 1048576K
}
Event: 1.390 GC heap after
{Heap after GC invocations=6 (full 0):
 garbage-first heap   total 184320K, used 65536K [0x00000000c0000000, 0x0000000100000000)
  region size 1024K, 6 young (6144K), 6 survivors (6144K)
 Metaspace       used 7537K, committed 7744K, reserved 1114112K
  class space    used 864K, committed 960K, reserved 1048576K
}
Event: 1.512 GC heap before
{Heap before GC invocations=6 (full 0):
 garbage-first heap   total 184320K, used 125952K [0x00000000c0000000, 0x0000000100000000)
  region size 1024K, 65 young (66560K), 6 survivors (6144K)
 Metaspace       used 7924K, committed 8192K, reserved 1114112K
  class space    used 921K, committed 1024K, reserved 1048576K
}
Event: 1.539 GC heap after
{Heap after GC invocations=7 (full 0):
 garbage-first heap   total 184320K, used 79360K [0x00000000c0000000, 0x0000000100000000)
  region size 1024K, 9 young (9216K), 9 survivors (9216K)
 Metaspace       used 7924K, committed 8192K, reserved 1114112K
  class space    used 921K, committed 1024K, reserved 1048576K
}
Event: 1.633 GC heap before
{Heap before GC invocations=7 (full 0):
 garbage-first heap   total 184320K, used 131584K [0x00000000c0000000, 0x0000000100000000)
  region size 1024K, 60 young (61440K), 9 survivors (9216K)
 Metaspace       used 7942K, committed 8192K, reserved 1114112K
  class space    used 922K, committed 1024K, reserved 1048576K
}
Event: 1.654 GC heap after
{Heap after GC invocations=8 (full 0):
 garbage-first heap   total 184320K, used 92115K [0x00000000c0000000, 0x0000000100000000)
  region size 1024K, 8 young (8192K), 8 survivors (8192K)
 Metaspace       used 7942K, committed 8192K, reserved 1114112K
  class space    used 922K, committed 1024K, reserved 1048576K
}
Event: 1.738 GC heap before
{Heap before GC invocations=8 (full 0):
 garbage-first heap   total 184320K, used 137171K [0x00000000c0000000, 0x0000000100000000)
  region size 1024K, 52 young (53248K), 8 survivors (8192K)
 Metaspace       used 7946K, committed 8192K, reserved 1114112K
  class space    used 922K, committed 1024K, reserved 1048576K
}
Event: 1.761 GC heap after
{Heap after GC invocations=9 (full 0):
 garbage-first heap   total 184320K, used 102912K [0x00000000c0000000, 0x0000000100000000)
  region size 1024K, 7 young (7168K), 7 survivors (7168K)
 Metaspace       used 7946K, committed 8192K, reserved 1114112K
  class space    used 922K, committed 1024K, reserved 1048576K
}
Event: 1.843 GC heap before
{Heap before GC invocations=10 (full 0):
 garbage-first heap   total 215040K, used 144896K [0x00000000c0000000, 0x0000000100000000)
  region size 1024K, 44 young (45056K), 7 survivors (7168K)
 Metaspace       used 7831K, committed 8192K, reserved 1114112K
  class space    used 889K, committed 1024K, reserved 1048576K
}
Event: 1.866 GC heap after
{Heap after GC invocations=11 (full 0):
 garbage-first heap   total 215040K, used 116736K [0x00000000c0000000, 0x0000000100000000)
  region size 1024K, 6 young (6144K), 6 survivors (6144K)
 Metaspace       used 7831K, committed 8192K, reserved 1114112K
  class space    used 889K, committed 1024K, reserved 1048576K
}
Event: 1.871 GC heap before
{Heap before GC invocations=11 (full 0):
 garbage-first heap   total 215040K, used 120832K [0x00000000c0000000, 0x0000000100000000)
  region size 1024K, 10 young (10240K), 6 survivors (6144K)
 Metaspace       used 7831K, committed 8192K, reserved 1114112K
  class space    used 889K, committed 1024K, reserved 1048576K
}

Dll operation events (7 events):
Event: 0.006 Loaded shared library C:\Program Files (x86)\Android\openjdk\jdk-17.0.12\bin\java.dll
Event: 0.017 Loaded shared library C:\Program Files (x86)\Android\openjdk\jdk-17.0.12\bin\jsvml.dll
Event: 0.053 Loaded shared library C:\Program Files (x86)\Android\openjdk\jdk-17.0.12\bin\net.dll
Event: 0.055 Loaded shared library C:\Program Files (x86)\Android\openjdk\jdk-17.0.12\bin\nio.dll
Event: 0.063 Loaded shared library C:\Program Files (x86)\Android\openjdk\jdk-17.0.12\bin\zip.dll
Event: 0.243 Loaded shared library C:\Program Files (x86)\Android\openjdk\jdk-17.0.12\bin\jimage.dll
Event: 1.165 Loaded shared library C:\Program Files (x86)\Android\openjdk\jdk-17.0.12\bin\verify.dll

Deoptimization events (20 events):
Event: 1.709 Thread 0x00000216fa9e5150 Uncommon trap: reason=profile_predicate action=maybe_recompile pc=0x00000216e83e38e8 method=com.android.tools.r8.graph.D2.a(Ljava/lang/String;)[B @ 87 c2
Event: 1.709 Thread 0x00000216fa71dbd0 Uncommon trap: reason=profile_predicate action=maybe_recompile pc=0x00000216e83e38e8 method=com.android.tools.r8.graph.D2.a(Ljava/lang/String;)[B @ 87 c2
Event: 1.709 Thread 0x00000216fa9e4c70 Uncommon trap: reason=profile_predicate action=maybe_recompile pc=0x00000216e83e38e8 method=com.android.tools.r8.graph.D2.a(Ljava/lang/String;)[B @ 87 c2
Event: 1.709 Thread 0x00000216fadbbcb0 Uncommon trap: reason=profile_predicate action=maybe_recompile pc=0x00000216e83e38e8 method=com.android.tools.r8.graph.D2.a(Ljava/lang/String;)[B @ 87 c2
Event: 1.709 Thread 0x00000216fa4bae10 DEOPT PACKING pc=0x00000216e83e38e8 sp=0x000000eda4cfe210
Event: 1.709 Thread 0x00000216fa4bae10 DEOPT UNPACKING pc=0x00000216e7bd69a3 sp=0x000000eda4cfe1b8 mode 2
Event: 1.709 Thread 0x00000216fadd7120 DEOPT PACKING pc=0x00000216e83e38e8 sp=0x000000eda4efe2f0
Event: 1.709 Thread 0x00000216fadd7120 DEOPT UNPACKING pc=0x00000216e7bd69a3 sp=0x000000eda4efe298 mode 2
Event: 1.709 Thread 0x00000216fadd90e0 DEOPT PACKING pc=0x00000216e83e38e8 sp=0x000000eda4dfe710
Event: 1.709 Thread 0x00000216fadbafc0 DEOPT PACKING pc=0x00000216e83e38e8 sp=0x000000eda48fe6e0
Event: 1.709 Thread 0x00000216fadd90e0 DEOPT UNPACKING pc=0x00000216e7bd69a3 sp=0x000000eda4dfe6b8 mode 2
Event: 1.709 Thread 0x00000216fa9e5150 DEOPT PACKING pc=0x00000216e83e38e8 sp=0x000000eda4bfdfa0
Event: 1.709 Thread 0x00000216fadbafc0 DEOPT UNPACKING pc=0x00000216e7bd69a3 sp=0x000000eda48fe688 mode 2
Event: 1.709 Thread 0x00000216fa9e5150 DEOPT UNPACKING pc=0x00000216e7bd69a3 sp=0x000000eda4bfdf48 mode 2
Event: 1.709 Thread 0x00000216fa71dbd0 DEOPT PACKING pc=0x00000216e83e38e8 sp=0x000000eda47fd9c0
Event: 1.709 Thread 0x00000216fa9e4c70 DEOPT PACKING pc=0x00000216e83e38e8 sp=0x000000eda4afe300
Event: 1.709 Thread 0x00000216fa71dbd0 DEOPT UNPACKING pc=0x00000216e7bd69a3 sp=0x000000eda47fd968 mode 2
Event: 1.709 Thread 0x00000216fa9e4c70 DEOPT UNPACKING pc=0x00000216e7bd69a3 sp=0x000000eda4afe2a8 mode 2
Event: 1.709 Thread 0x00000216fadbbcb0 DEOPT PACKING pc=0x00000216e83e38e8 sp=0x000000eda49fe2b0
Event: 1.709 Thread 0x00000216fadbbcb0 DEOPT UNPACKING pc=0x00000216e7bd69a3 sp=0x000000eda49fe258 mode 2

Classes loaded (20 events):
Event: 0.761 Loading class java/util/concurrent/ConcurrentLinkedQueue
Event: 0.761 Loading class java/util/AbstractQueue
Event: 0.761 Loading class java/util/AbstractQueue done
Event: 0.761 Loading class java/util/concurrent/ConcurrentLinkedQueue done
Event: 0.761 Loading class java/util/concurrent/ConcurrentLinkedQueue$Node
Event: 0.761 Loading class java/util/concurrent/ConcurrentLinkedQueue$Node done
Event: 1.159 Loading class java/util/concurrent/Callable
Event: 1.160 Loading class java/util/concurrent/Callable done
Event: 1.160 Loading class java/util/concurrent/ForkJoinTask$AdaptedCallable
Event: 1.160 Loading class java/util/concurrent/RunnableFuture
Event: 1.160 Loading class java/util/concurrent/RunnableFuture done
Event: 1.160 Loading class java/util/concurrent/ForkJoinTask$AdaptedCallable done
Event: 1.161 Loading class java/util/concurrent/ForkJoinPool$DefaultForkJoinWorkerThreadFactory$1
Event: 1.161 Loading class java/util/concurrent/ForkJoinPool$DefaultForkJoinWorkerThreadFactory$1 done
Event: 1.181 Loading class java/lang/reflect/GenericSignatureFormatError
Event: 1.181 Loading class java/lang/ClassFormatError
Event: 1.181 Loading class java/lang/ClassFormatError done
Event: 1.181 Loading class java/lang/reflect/GenericSignatureFormatError done
Event: 1.240 Loading class java/lang/invoke/MethodHandle$1
Event: 1.240 Loading class java/lang/invoke/MethodHandle$1 done

Classes unloaded (20 events):
Event: 1.807 Thread 0x00000216f5505750 Unloading class 0x0000021681109400 'java/lang/invoke/LambdaForm$DMH+0x0000021681109400'
Event: 1.807 Thread 0x00000216f5505750 Unloading class 0x0000021681108c00 'java/lang/invoke/LambdaForm$DMH+0x0000021681108c00'
Event: 1.807 Thread 0x00000216f5505750 Unloading class 0x0000021681109800 'java/lang/invoke/LambdaForm$DMH+0x0000021681109800'
Event: 1.807 Thread 0x00000216f5505750 Unloading class 0x0000021681109000 'java/lang/invoke/LambdaForm$DMH+0x0000021681109000'
Event: 1.807 Thread 0x00000216f5505750 Unloading class 0x0000021681108000 'java/lang/invoke/LambdaForm$DMH+0x0000021681108000'
Event: 1.807 Thread 0x00000216f5505750 Unloading class 0x0000021681108400 'java/lang/invoke/LambdaForm$DMH+0x0000021681108400'
Event: 1.807 Thread 0x00000216f5505750 Unloading class 0x00000216810b5000 'java/lang/invoke/LambdaForm$DMH+0x00000216810b5000'
Event: 1.807 Thread 0x00000216f5505750 Unloading class 0x00000216810b5c00 'java/lang/invoke/LambdaForm$DMH+0x00000216810b5c00'
Event: 1.807 Thread 0x00000216f5505750 Unloading class 0x00000216810b4400 'java/lang/invoke/LambdaForm$DMH+0x00000216810b4400'
Event: 1.807 Thread 0x00000216f5505750 Unloading class 0x00000216810b5800 'java/lang/invoke/LambdaForm$DMH+0x00000216810b5800'
Event: 1.807 Thread 0x00000216f5505750 Unloading class 0x00000216810b5400 'java/lang/invoke/LambdaForm$DMH+0x00000216810b5400'
Event: 1.807 Thread 0x00000216f5505750 Unloading class 0x00000216810b4800 'java/lang/invoke/LambdaForm$DMH+0x00000216810b4800'
Event: 1.807 Thread 0x00000216f5505750 Unloading class 0x00000216810b4c00 'java/lang/invoke/LambdaForm$DMH+0x00000216810b4c00'
Event: 1.807 Thread 0x00000216f5505750 Unloading class 0x00000216810a9c00 'java/lang/invoke/LambdaForm$DMH+0x00000216810a9c00'
Event: 1.807 Thread 0x00000216f5505750 Unloading class 0x00000216810a9800 'java/lang/invoke/LambdaForm$DMH+0x00000216810a9800'
Event: 1.807 Thread 0x00000216f5505750 Unloading class 0x00000216810a9400 'java/lang/invoke/LambdaForm$DMH+0x00000216810a9400'
Event: 1.807 Thread 0x00000216f5505750 Unloading class 0x00000216810a8800 'java/lang/invoke/LambdaForm$DMH+0x00000216810a8800'
Event: 1.807 Thread 0x00000216f5505750 Unloading class 0x00000216810a9000 'java/lang/invoke/LambdaForm$DMH+0x00000216810a9000'
Event: 1.807 Thread 0x00000216f5505750 Unloading class 0x00000216810a8c00 'java/lang/invoke/LambdaForm$DMH+0x00000216810a8c00'
Event: 1.807 Thread 0x00000216f5505750 Unloading class 0x00000216810a8000 'java/lang/invoke/LambdaForm$DMH+0x00000216810a8000'

Classes redefined (0 events):
No events

Internal exceptions (20 events):
Event: 1.237 Thread 0x00000216fa4bae10 Exception <a 'java/lang/NoSuchMethodError'{0x00000000c7abe658}: 'long java.lang.invoke.DirectMethodHandle$Holder.invokeStaticInit(java.lang.Object, java.lang.Object)'> (0x00000000c7abe658) 
thrown [s\src\hotspot\share\interpreter\linkResolver.cpp, line 759]
Event: 1.237 Thread 0x00000216fa9e5150 Exception <a 'java/lang/NoSuchMethodError'{0x00000000c7ace9a8}: 'long java.lang.invoke.DirectMethodHandle$Holder.invokeStaticInit(java.lang.Object, java.lang.Object)'> (0x00000000c7ace9a8) 
thrown [s\src\hotspot\share\interpreter\linkResolver.cpp, line 759]
Event: 1.405 Thread 0x00000216fadbbcb0 Exception <a 'java/lang/NoSuchMethodError'{0x00000000ca9e2238}: 'java.lang.Object java.lang.invoke.DirectMethodHandle$Holder.newInvokeSpecial(java.lang.Object, int, java.lang.Object)'> (0x00000000ca9e2238) 
thrown [s\src\hotspot\share\interpreter\linkResolver.cpp, line 759]
Event: 1.405 Thread 0x00000216fadbafc0 Exception <a 'java/lang/NoSuchMethodError'{0x00000000ca887838}: 'java.lang.Object java.lang.invoke.DirectMethodHandle$Holder.newInvokeSpecial(java.lang.Object, int, java.lang.Object)'> (0x00000000ca887838) 
thrown [s\src\hotspot\share\interpreter\linkResolver.cpp, line 759]
Event: 1.406 Thread 0x00000216fadd90e0 Exception <a 'java/lang/NoSuchMethodError'{0x00000000caae6fa0}: 'java.lang.Object java.lang.invoke.DirectMethodHandle$Holder.newInvokeSpecial(java.lang.Object, int, java.lang.Object)'> (0x00000000caae6fa0) 
thrown [s\src\hotspot\share\interpreter\linkResolver.cpp, line 759]
Event: 1.406 Thread 0x00000216fa9e4c70 Exception <a 'java/lang/NoSuchMethodError'{0x00000000caaaa3d0}: 'java.lang.Object java.lang.invoke.DirectMethodHandle$Holder.newInvokeSpecial(java.lang.Object, int, java.lang.Object)'> (0x00000000caaaa3d0) 
thrown [s\src\hotspot\share\interpreter\linkResolver.cpp, line 759]
Event: 1.408 Thread 0x00000216fa9e5150 Exception <a 'java/lang/NoSuchMethodError'{0x00000000ca9af8a0}: 'void java.lang.invoke.DirectMethodHandle$Holder.invokeStatic(java.lang.Object, java.lang.Object, java.lang.Object, int, java.lang.Object, java.lang.Object, java.lang.Object, java.lang.Object)'> (0x00000000ca9af8a0) 
thrown [s\src\hotspot\share\interpreter\linkResolver.cpp, line 759]
Event: 1.410 Thread 0x00000216fa9e5150 Exception <a 'java/lang/NoSuchMethodError'{0x00000000ca9b6998}: 'java.lang.Object java.lang.invoke.DirectMethodHandle$Holder.newInvokeSpecial(java.lang.Object, java.lang.Object, java.lang.Object, int, java.lang.Object, java.lang.Object)'> (0x00000000ca9b6998) 
thrown [s\src\hotspot\share\interpreter\linkResolver.cpp, line 759]
Event: 1.411 Thread 0x00000216fa9e5150 Exception <a 'java/lang/NoSuchMethodError'{0x00000000ca7a8460}: 'java.lang.Object java.lang.invoke.DirectMethodHandle$Holder.invokeSpecial(java.lang.Object, java.lang.Object, java.lang.Object, java.lang.Object, int, java.lang.Object, java.lang.Object)'> (0x00000000ca7a8460) 
thrown [s\src\hotspot\share\interpreter\linkResolver.cpp, line 759]
Event: 1.411 Thread 0x00000216fa4bae10 Exception <a 'java/lang/NoSuchMethodError'{0x00000000ca83e4e0}: 'java.lang.Object java.lang.invoke.Invokers$Holder.linkToTargetMethod(java.lang.Object, java.lang.Object, int, java.lang.Object, java.lang.Object, java.lang.Object)'> (0x00000000ca83e4e0) 
thrown [s\src\hotspot\share\interpreter\linkResolver.cpp, line 759]
Event: 1.411 Thread 0x00000216fadd90e0 Exception <a 'java/lang/NoSuchMethodError'{0x00000000caafaa58}: 'java.lang.Object java.lang.invoke.Invokers$Holder.linkToTargetMethod(java.lang.Object, java.lang.Object, int, java.lang.Object, java.lang.Object, java.lang.Object)'> (0x00000000caafaa58) 
thrown [s\src\hotspot\share\interpreter\linkResolver.cpp, line 759]
Event: 1.411 Thread 0x00000216fa9e5150 Exception <a 'java/lang/NoSuchMethodError'{0x00000000ca7abcf0}: 'java.lang.Object java.lang.invoke.Invokers$Holder.linkToTargetMethod(java.lang.Object, java.lang.Object, int, java.lang.Object, java.lang.Object, java.lang.Object)'> (0x00000000ca7abcf0) 
thrown [s\src\hotspot\share\interpreter\linkResolver.cpp, line 759]
Event: 1.413 Thread 0x00000216fa9e4c70 Exception <a 'java/lang/NoSuchMethodError'{0x00000000ca7eb968}: 'void java.lang.invoke.DirectMethodHandle$Holder.invokeSpecial(java.lang.Object, java.lang.Object, java.lang.Object, java.lang.Object, java.lang.Object)'> (0x00000000ca7eb968) 
thrown [s\src\hotspot\share\interpreter\linkResolver.cpp, line 759]
Event: 1.413 Thread 0x00000216fadd90e0 Exception <a 'java/lang/NoSuchMethodError'{0x00000000caafe920}: 'void java.lang.invoke.DirectMethodHandle$Holder.invokeSpecial(java.lang.Object, java.lang.Object, java.lang.Object, java.lang.Object, java.lang.Object)'> (0x00000000caafe920) 
thrown [s\src\hotspot\share\interpreter\linkResolver.cpp, line 759]
Event: 1.413 Thread 0x00000216fadbbcb0 Exception <a 'java/lang/NoSuchMethodError'{0x00000000ca7710e8}: 'void java.lang.invoke.DirectMethodHandle$Holder.invokeSpecial(java.lang.Object, java.lang.Object, java.lang.Object, java.lang.Object, java.lang.Object)'> (0x00000000ca7710e8) 
thrown [s\src\hotspot\share\interpreter\linkResolver.cpp, line 759]
Event: 1.413 Thread 0x00000216fa4bae10 Exception <a 'java/lang/NoSuchMethodError'{0x00000000ca603520}: 'void java.lang.invoke.DirectMethodHandle$Holder.invokeSpecial(java.lang.Object, java.lang.Object, java.lang.Object, java.lang.Object, java.lang.Object)'> (0x00000000ca603520) 
thrown [s\src\hotspot\share\interpreter\linkResolver.cpp, line 759]
Event: 1.413 Thread 0x00000216fa71dbd0 Exception <a 'java/lang/NoSuchMethodError'{0x00000000ca70c340}: 'void java.lang.invoke.DirectMethodHandle$Holder.invokeSpecial(java.lang.Object, java.lang.Object, java.lang.Object, java.lang.Object, java.lang.Object)'> (0x00000000ca70c340) 
thrown [s\src\hotspot\share\interpreter\linkResolver.cpp, line 759]
Event: 1.413 Thread 0x00000216fadbafc0 Exception <a 'java/lang/NoSuchMethodError'{0x00000000ca8a04a0}: 'void java.lang.invoke.DirectMethodHandle$Holder.invokeSpecial(java.lang.Object, java.lang.Object, java.lang.Object, java.lang.Object, java.lang.Object)'> (0x00000000ca8a04a0) 
thrown [s\src\hotspot\share\interpreter\linkResolver.cpp, line 759]
Event: 1.413 Thread 0x00000216fadd7120 Exception <a 'java/lang/NoSuchMethodError'{0x00000000ca971828}: 'void java.lang.invoke.DirectMethodHandle$Holder.invokeSpecial(java.lang.Object, java.lang.Object, java.lang.Object, java.lang.Object, java.lang.Object)'> (0x00000000ca971828) 
thrown [s\src\hotspot\share\interpreter\linkResolver.cpp, line 759]
Event: 1.413 Thread 0x00000216fa9e5150 Exception <a 'java/lang/NoSuchMethodError'{0x00000000ca7af940}: 'void java.lang.invoke.DirectMethodHandle$Holder.invokeSpecial(java.lang.Object, java.lang.Object, java.lang.Object, java.lang.Object, java.lang.Object)'> (0x00000000ca7af940) 
thrown [s\src\hotspot\share\interpreter\linkResolver.cpp, line 759]

VM Operations (20 events):
Event: 1.092 Executing VM operation: G1CollectForAllocation done
Event: 1.169 Executing VM operation: G1CollectForAllocation
Event: 1.174 Executing VM operation: G1CollectForAllocation done
Event: 1.234 Executing VM operation: HandshakeAllThreads
Event: 1.234 Executing VM operation: HandshakeAllThreads done
Event: 1.375 Executing VM operation: G1CollectForAllocation
Event: 1.390 Executing VM operation: G1CollectForAllocation done
Event: 1.512 Executing VM operation: G1CollectForAllocation
Event: 1.540 Executing VM operation: G1CollectForAllocation done
Event: 1.633 Executing VM operation: G1CollectForAllocation
Event: 1.654 Executing VM operation: G1CollectForAllocation done
Event: 1.738 Executing VM operation: G1CollectForAllocation
Event: 1.762 Executing VM operation: G1CollectForAllocation done
Event: 1.806 Executing VM operation: G1PauseRemark
Event: 1.813 Executing VM operation: G1PauseRemark done
Event: 1.834 Executing VM operation: G1PauseCleanup
Event: 1.835 Executing VM operation: G1PauseCleanup done
Event: 1.843 Executing VM operation: G1CollectForAllocation
Event: 1.866 Executing VM operation: G1CollectForAllocation done
Event: 1.870 Executing VM operation: G1CollectForAllocation

Events (20 events):
Event: 0.025 Thread 0x00000216f5526f30 Thread added: 0x00000216f5526f30
Event: 0.026 Thread 0x00000216f55365d0 Thread added: 0x00000216f55365d0
Event: 0.026 Thread 0x00000216f5544de0 Thread added: 0x00000216f5544de0
Event: 0.026 Thread 0x00000216f5566290 Thread added: 0x00000216f5566290
Event: 0.026 Thread 0x00000216f55687c0 Thread added: 0x00000216f55687c0
Event: 0.039 Thread 0x00000216f557e9c0 Thread added: 0x00000216f557e9c0
Event: 0.050 Thread 0x00000216f56ec220 Thread added: 0x00000216f56ec220
Event: 0.051 Thread 0x00000216f56f2f80 Thread added: 0x00000216f56f2f80
Event: 0.090 Thread 0x00000216f5813240 Thread added: 0x00000216f5813240
Event: 0.090 Thread 0x00000216f5813810 Thread added: 0x00000216f5813810
Event: 0.090 Thread 0x00000216f58141f0 Thread added: 0x00000216f58141f0
Event: 0.099 Thread 0x00000216f5835c20 Thread added: 0x00000216f5835c20
Event: 1.162 Thread 0x00000216fa71dbd0 Thread added: 0x00000216fa71dbd0
Event: 1.162 Thread 0x00000216fadbafc0 Thread added: 0x00000216fadbafc0
Event: 1.163 Thread 0x00000216fadbbcb0 Thread added: 0x00000216fadbbcb0
Event: 1.163 Thread 0x00000216fa9e4c70 Thread added: 0x00000216fa9e4c70
Event: 1.163 Thread 0x00000216fa9e5150 Thread added: 0x00000216fa9e5150
Event: 1.164 Thread 0x00000216fa4bae10 Thread added: 0x00000216fa4bae10
Event: 1.164 Thread 0x00000216fadd90e0 Thread added: 0x00000216fadd90e0
Event: 1.164 Thread 0x00000216fadd7120 Thread added: 0x00000216fadd7120


Dynamic libraries:
0x00007ff71b190000 - 0x00007ff71b19e000 	C:\Program Files (x86)\Android\openjdk\jdk-17.0.12\bin\java.exe
0x00007ff93e740000 - 0x00007ff93e9a6000 	C:\Windows\SYSTEM32\ntdll.dll
0x00007ff93d380000 - 0x00007ff93d449000 	C:\Windows\System32\KERNEL32.DLL
0x00007ff93c130000 - 0x00007ff93c4fc000 	C:\Windows\System32\KERNELBASE.dll
0x00007ff93bfe0000 - 0x00007ff93c12b000 	C:\Windows\System32\ucrtbase.dll
0x00007ff914980000 - 0x00007ff914997000 	C:\Program Files (x86)\Android\openjdk\jdk-17.0.12\bin\jli.dll
0x00007ff913e90000 - 0x00007ff913ead000 	C:\Program Files (x86)\Android\openjdk\jdk-17.0.12\bin\VCRUNTIME140.dll
0x00007ff93c680000 - 0x00007ff93c84a000 	C:\Windows\System32\USER32.dll
0x00007ff91fe50000 - 0x00007ff9200ea000 	C:\Windows\WinSxS\amd64_microsoft.windows.common-controls_6595b64144ccf1df_6.0.26100.3912_none_3e07963ce335137e\COMCTL32.dll
0x00007ff93bd70000 - 0x00007ff93bd97000 	C:\Windows\System32\win32u.dll
0x00007ff93d4d0000 - 0x00007ff93d579000 	C:\Windows\System32\msvcrt.dll
0x00007ff93d580000 - 0x00007ff93d5ab000 	C:\Windows\System32\GDI32.dll
0x00007ff93bb00000 - 0x00007ff93bc32000 	C:\Windows\System32\gdi32full.dll
0x00007ff93b8d0000 - 0x00007ff93b973000 	C:\Windows\System32\msvcp_win.dll
0x00007ff93c850000 - 0x00007ff93c880000 	C:\Windows\System32\IMM32.DLL
0x00007ff9149e0000 - 0x00007ff9149ec000 	C:\Program Files (x86)\Android\openjdk\jdk-17.0.12\bin\vcruntime140_1.dll
0x00007ff8e96f0000 - 0x00007ff8e977d000 	C:\Program Files (x86)\Android\openjdk\jdk-17.0.12\bin\msvcp140.dll
0x00007ff813540000 - 0x00007ff8141b0000 	C:\Program Files (x86)\Android\openjdk\jdk-17.0.12\bin\server\jvm.dll
0x00007ff93c510000 - 0x00007ff93c5c2000 	C:\Windows\System32\ADVAPI32.dll
0x00007ff93c5d0000 - 0x00007ff93c676000 	C:\Windows\System32\sechost.dll
0x00007ff93cfd0000 - 0x00007ff93d0e6000 	C:\Windows\System32\RPCRT4.dll
0x00007ff93d2f0000 - 0x00007ff93d364000 	C:\Windows\System32\WS2_32.dll
0x00007ff93a500000 - 0x00007ff93a55e000 	C:\Windows\SYSTEM32\POWRPROF.dll
0x00007ff9357f0000 - 0x00007ff9357fb000 	C:\Windows\SYSTEM32\VERSION.dll
0x00007ff92ed10000 - 0x00007ff92ed46000 	C:\Windows\SYSTEM32\WINMM.dll
0x00007ff93a4c0000 - 0x00007ff93a4d4000 	C:\Windows\SYSTEM32\UMPDC.dll
0x00007ff93a7b0000 - 0x00007ff93a7ca000 	C:\Windows\SYSTEM32\kernel.appcore.dll
0x00007ff914970000 - 0x00007ff91497a000 	C:\Program Files (x86)\Android\openjdk\jdk-17.0.12\bin\jimage.dll
0x00007ff921f10000 - 0x00007ff922151000 	C:\Windows\SYSTEM32\DBGHELP.DLL
0x00007ff93d6e0000 - 0x00007ff93da64000 	C:\Windows\System32\combase.dll
0x00007ff93e610000 - 0x00007ff93e6f0000 	C:\Windows\System32\OLEAUT32.dll
0x00007ff926c60000 - 0x00007ff926c99000 	C:\Windows\SYSTEM32\dbgcore.DLL
0x00007ff93bcd0000 - 0x00007ff93bd69000 	C:\Windows\System32\bcryptPrimitives.dll
0x00007ff9130e0000 - 0x00007ff913105000 	C:\Program Files (x86)\Android\openjdk\jdk-17.0.12\bin\java.dll
0x00007ff8c0f40000 - 0x00007ff8c1017000 	C:\Program Files (x86)\Android\openjdk\jdk-17.0.12\bin\jsvml.dll
0x00007ff93dee0000 - 0x00007ff93e60d000 	C:\Windows\System32\SHELL32.dll
0x00007ff93bda0000 - 0x00007ff93bf14000 	C:\Windows\System32\wintypes.dll
0x00007ff939530000 - 0x00007ff939d86000 	C:\Windows\SYSTEM32\windows.storage.dll
0x00007ff93dde0000 - 0x00007ff93decf000 	C:\Windows\System32\SHCORE.dll
0x00007ff93d5d0000 - 0x00007ff93d639000 	C:\Windows\System32\shlwapi.dll
0x00007ff93b7e0000 - 0x00007ff93b80f000 	C:\Windows\SYSTEM32\profapi.dll
0x00007ff913aa0000 - 0x00007ff913aba000 	C:\Program Files (x86)\Android\openjdk\jdk-17.0.12\bin\net.dll
0x00007ff935440000 - 0x00007ff93555e000 	C:\Windows\SYSTEM32\WINHTTP.dll
0x00007ff93ad20000 - 0x00007ff93ad8a000 	C:\Windows\system32\mswsock.dll
0x00007ff913210000 - 0x00007ff913226000 	C:\Program Files (x86)\Android\openjdk\jdk-17.0.12\bin\nio.dll
0x00007ff90b2a0000 - 0x00007ff90b2b8000 	C:\Program Files (x86)\Android\openjdk\jdk-17.0.12\bin\zip.dll
0x00007ff914510000 - 0x00007ff914520000 	C:\Program Files (x86)\Android\openjdk\jdk-17.0.12\bin\verify.dll

dbghelp: loaded successfully - version: 4.0.5 - missing functions: none
symbol engine: initialized successfully - sym options: 0x614 - pdb path: .;C:\Program Files (x86)\Android\openjdk\jdk-17.0.12\bin;C:\Windows\SYSTEM32;C:\Windows\WinSxS\amd64_microsoft.windows.common-controls_6595b64144ccf1df_6.0.26100.3912_none_3e07963ce335137e;C:\Program Files (x86)\Android\openjdk\jdk-17.0.12\bin\server

VM Arguments:
jvm_args: -Xmx1G 
java_command: com.android.tools.r8.D8 --debug --min-api 21 --output obj\Debug\net8.0-android\android\bin\ --lib C:\Program Files (x86)\Android\android-sdk\platforms\android-34\android.jar obj\Debug\net8.0-android\android\bin\classes.zip C:\Users\Jiro\.nuget\packages\microsoft.android.ref.34\34.0.148\ref\net8.0\mono.android.jar C:\Program Files\dotnet\packs\Microsoft.Android.Sdk.Windows\34.0.148\tools\java_runtime_fastdev_net6.jar C:\Users\Jiro\.nuget\packages\xamarin.jetbrains.annotations\24.0.1.3\buildTransitive\net6.0-android31.0\..\..\jar\org.jetbrains.annotations-24.0.1.jar C:\Users\Jiro\.nuget\packages\xamarin.kotlin.stdlib\1.9.0.1\buildTransitive\net6.0-android31.0\..\..\jar\org.jetbrains.kotlin.kotlin-stdlib-1.9.0.jar C:\Users\Jiro\.nuget\packages\xamarin.kotlin.stdlib.jdk7\1.9.0.1\buildTransitive\net6.0-android31.0\..\..\jar\org.jetbrains.kotlin.kotlin-stdlib-jdk7-1.9.0.jar C:\Users\Jiro\.nuget\packages\xamarin.kotlin.stdlib.jdk8\1.9.0.1\buildTransitive\net6.0-android31.0\..\..\jar\org.jetbrains.kotlin.kotlin-stdlib-jdk8-1.9.0.jar C:\Users\Jiro\.nuget\packages\xamarin.kotlinx.coroutines.core.jvm\1.7.2.1\buildTransitive\net6.0-android31.0\..\..\jar\org.jetbrains.kotlinx.kotlinx-coroutines-core-jvm-1.7.2.jar C:\Users\Jiro\.nuget\packages\xamarin.kotlinx.coroutines.android\1.7.2.1\buildTransitive\net6.0-android31.0\..\..\jar\org.jetbrains.kotlinx.kotlinx-coroutines-android-1.7.2.jar C:\Users\Jiro\.nuget\packages\xamarin.google.guava.listenablefuture\1.0.0.14\buildTransitive\net6.0-android31.0\..\..\jar\guava-listenablefuture.jar C:\Users\Jiro\.nuget\packages\xamarin.androidx.annotation.jvm\1.6.0.2\buildTransitive\net6.0-android31.0\..\..\jar\androidx.annotation.annotation-jvm.jar C:\Users\Jiro\.nuget\packages\xamarin.androidx.collection\1.2.0.9\buildTransitive\net6.0-android31.0\..\..\jar\androidx.collection.collection.jar C:\Users\Jiro\.nuget\packages\xamarin.androidx.concurrent.futures\1.1.0.14\buildTransitive\net6.0-android31.0\..\..\jar\androidx.concurren
java_class_path (initial): C:\Program Files\dotnet\packs\Microsoft.Android.Sdk.Windows\34.0.148\tools\r8.jar
Launcher Type: SUN_STANDARD

[Global flags]
     intx CICompilerCount                          = 12                                        {product} {ergonomic}
     uint ConcGCThreads                            = 3                                         {product} {ergonomic}
     uint G1ConcRefinementThreads                  = 13                                        {product} {ergonomic}
   size_t G1HeapRegionSize                         = 1048576                                   {product} {ergonomic}
    uintx GCDrainStackTargetSize                   = 64                                        {product} {ergonomic}
   size_t InitialHeapSize                          = 132120576                                 {product} {ergonomic}
   size_t MarkStackSize                            = 4194304                                   {product} {ergonomic}
   size_t MaxHeapSize                              = 1073741824                                {product} {command line}
   size_t MaxNewSize                               = 643825664                                 {product} {ergonomic}
   size_t MinHeapDeltaBytes                        = 1048576                                   {product} {ergonomic}
   size_t MinHeapSize                              = 8388608                                   {product} {ergonomic}
    uintx NonNMethodCodeHeapSize                   = 7602480                                {pd product} {ergonomic}
    uintx NonProfiledCodeHeapSize                  = 122027880                              {pd product} {ergonomic}
    uintx ProfiledCodeHeapSize                     = 122027880                              {pd product} {ergonomic}
    uintx ReservedCodeCacheSize                    = 251658240                              {pd product} {ergonomic}
     bool SegmentedCodeCache                       = true                                      {product} {ergonomic}
   size_t SoftMaxHeapSize                          = 1073741824                             {manageable} {ergonomic}
     bool UseCompressedClassPointers               = true                           {product lp64_product} {ergonomic}
     bool UseCompressedOops                        = true                           {product lp64_product} {ergonomic}
     bool UseG1GC                                  = true                                      {product} {ergonomic}
     bool UseLargePagesIndividualAllocation        = false                                  {pd product} {ergonomic}

Logging:
Log output configuration:
 #0: stdout all=warning uptime,level,tags
 #1: stderr all=off uptime,level,tags

Environment Variables:
PATH=C:\Program Files (x86)\Android\openjdk\jdk-17.0.12\bin;c:\Users\Jiro\AppData\Local\Programs\cursor\resources\app\bin;C:\Program Files\Microsoft MPI\Bin\;C:\Windows\system32;C:\Windows;C:\Windows\System32\Wbem;C:\Windows\System32\WindowsPowerShell\v1.0\;C:\Windows\System32\OpenSSH\;C:\Program Files (x86)\NVIDIA Corporation\PhysX\Common;C:\Program Files\dotnet\;C:\Program Files\Microsoft SQL Server\150\Tools\Binn\;C:\Program Files\Microsoft SQL Server\Client SDK\ODBC\170\Tools\Binn\;C:\Program Files (x86)\Windows Kits\10\Windows Performance Toolkit\;C:\Program Files (x86)\Microsoft SQL Server\160\DTS\Binn\;C:\Program Files (x86)\Microsoft SQL Server\160\Tools\Binn\;C:\Program Files\Microsoft SQL Server\160\Tools\Binn\;C:\Program Files\Microsoft SQL Server\160\DTS\Binn\;C:\Program Files\NVIDIA Corporation\NVIDIA app\NvDLISR;C:\Program Files\Docker\Docker\resources\bin;C:\Program Files\nodejs\;C:\Program Files\Git\cmd;C:\Users\Jiro\AppData\Local\Microsoft\WindowsApps;C:\Users\Jiro\.dotnet\tools;C:\Users\Jiro\AppData\Local\Programs\cursor\resources\app\bin;C:\Users\Ji;C:\php-8.4.6;C:\composer;C:\Users\Jiro\AppData\Local\Microsoft\WindowsApps;C:\Users\Jiro\.dotnet\tools;C:\Users\Jiro\AppData\Local\Programs\Microsoft VS Code\bin;C:\Users\Jiro\AppData\Roaming\npm;C:\Program Files\JetBrains\PhpStorm 2025.1\bin;;C:\php\php-8.4.6-src;C:\php-8.4.6;C:\Users\Jiro\AppData\Roaming\Composer\vendor\bin;C:\Users\Jiro\.nuget\packages\microsoft.windowsappsdk\1.5.240802000\tools;C:\Users\Jiro\.nuget\packages\microsoft.net.illink.tasks\8.0.15\tools
USERNAME=Jiro
OS=Windows_NT
PROCESSOR_IDENTIFIER=AMD64 Family 25 Model 68 Stepping 1, AuthenticAMD
TMP=C:\Users\Jiro\AppData\Local\Temp
TEMP=C:\Users\Jiro\AppData\Local\Temp



Periodic native trim disabled


---------------  S Y S T E M  ---------------

OS:
 Windows 11 , 64 bit Build 26100 (10.0.26100.3912)
OS uptime: 0 days 22:20 hours
Hyper-V role detected

CPU: total 16 (initial active 16) (16 cores per cpu, 2 threads per core) family 25 model 68 stepping 1 microcode 0xa404107, cx8, cmov, fxsr, ht, mmx, 3dnowpref, sse, sse2, sse3, ssse3, sse4a, sse4.1, sse4.2, popcnt, lzcnt, tsc, tscinvbit, avx, avx2, aes, erms, clmul, bmi1, bmi2, adx, sha, fma, vzeroupper, clflush, clflushopt, hv
Processor Information for the first 16 processors :
  Max Mhz: 3100, Current Mhz: 3100, Mhz Limit: 3100

Memory: 4k page, system-wide physical 8010M (643M free)
TotalPageFile size 32586M (AvailPageFile size 85M)
current process WorkingSet (physical memory assigned to process): 301M, peak: 303M
current process commit charge ("private bytes"): 365M, peak: 682M

vm_info: OpenJDK 64-Bit Server VM (17.0.12+7-LTS) for windows-amd64 JRE (17.0.12+7-LTS), built on Jul 16 2024 18:11:44 by "MicrosoftCorporation" with unknown MS VC++:1939

END.
