#
# There is insufficient memory for the Java Runtime Environment to continue.
# Native memory allocation (mmap) failed to map 132120576 bytes. Error detail: G1 virtual space
# Possible reasons:
#   The system is out of physical RAM or swap space
#   This process is running with CompressedOops enabled, and the Java Heap may be blocking the growth of the native heap
# Possible solutions:
#   Reduce memory load on the system
#   Increase physical memory or swap space
#   Check if swap backing store is full
#   Decrease Java heap size (-Xmx/-Xms)
#   Decrease number of Java threads
#   Decrease Java thread stack sizes (-Xss)
#   Set larger code cache with -XX:ReservedCodeCacheSize=
#   JVM is running with Unscaled Compressed Oops mode in which the Java heap is
#     placed in the first 4GB address space. The Java Heap base address is the
#     maximum limit for the native heap growth. Please use -XX:HeapBaseMinAddress
#     to set the Java Heap base and to place the Java Heap above 4GB virtual address.
# This output file may be truncated or incomplete.
#
#  Out of Memory Error (os_windows.cpp:3678), pid=32016, tid=31612
#
# JRE version:  (17.0.12+7) (build )
# Java VM: OpenJDK 64-Bit Server VM (17.0.12+7-LTS, mixed mode, sharing, tiered, compressed oops, compressed class ptrs, g1 gc, windows-amd64)
# No core dump will be written. Minidumps are not enabled by default on client versions of Windows
#

---------------  S U M M A R Y ------------

Command Line: -Xmx1G com.android.tools.r8.D8 --debug --min-api 21 --output obj\Debug\net8.0-android\android\bin\ --lib C:\Program Files (x86)\Android\android-sdk\platforms\android-34\android.jar obj\Debug\net8.0-android\android\bin\classes.zip C:\Users\Jiro\.nuget\packages\microsoft.android.ref.34\34.0.148\ref\net8.0\mono.android.jar C:\Program Files\dotnet\packs\Microsoft.Android.Sdk.Windows\34.0.148\tools\java_runtime_fastdev_net6.jar C:\Users\Jiro\.nuget\packages\xamarin.jetbrains.annotations\24.0.1.3\buildTransitive\net6.0-android31.0\..\..\jar\org.jetbrains.annotations-24.0.1.jar C:\Users\Jiro\.nuget\packages\xamarin.kotlin.stdlib\1.9.0.1\buildTransitive\net6.0-android31.0\..\..\jar\org.jetbrains.kotlin.kotlin-stdlib-1.9.0.jar C:\Users\Jiro\.nuget\packages\xamarin.kotlin.stdlib.jdk7\1.9.0.1\buildTransitive\net6.0-android31.0\..\..\jar\org.jetbrains.kotlin.kotlin-stdlib-jdk7-1.9.0.jar C:\Users\Jiro\.nuget\packages\xamarin.kotlin.stdlib.jdk8\1.9.0.1\buildTransitive\net6.0-android31.0\..\..\jar\org.jetbrains.kotlin.kotlin-stdlib-jdk8-1.9.0.jar C:\Users\Jiro\.nuget\packages\xamarin.kotlinx.coroutines.core.jvm\1.7.2.1\buildTransitive\net6.0-android31.0\..\..\jar\org.jetbrains.kotlinx.kotlinx-coroutines-core-jvm-1.7.2.jar C:\Users\Jiro\.nuget\packages\xamarin.kotlinx.coroutines.android\1.7.2.1\buildTransitive\net6.0-android31.0\..\..\jar\org.jetbrains.kotlinx.kotlinx-coroutines-android-1.7.2.jar C:\Users\Jiro\.nuget\packages\xamarin.google.guava.listenablefuture\1.0.0.14\buildTransitive\net6.0-android31.0\..\..\jar\guava-listenablefuture.jar C:\Users\Jiro\.nuget\packages\xamarin.androidx.annotation.jvm\1.6.0.2\buildTransitive\net6.0-android31.0\..\..\jar\androidx.annotation.annotation-jvm.jar C:\Users\Jiro\.nuget\packages\xamarin.androidx.collection\1.2.0.9\buildTransitive\net6.0-android31.0\..\..\jar\androidx.collection.collection.jar C:\Users\Jiro\.nuget\packages\xamarin.androidx.concurrent.futures\1.1.0.14\buildTransitive\net6.0-android31.0\..\..\jar\androidx.concurrent.concurrent-futures.jar C:\Users\Jiro\.nuget\packages\xamarin.androidx.lifecycle.common\2.6.1.3\buildTransitive\net6.0-android31.0\..\..\jar\androidx.lifecycle.lifecycle-common.jar C:\Users\Jiro\.nuget\packages\xamarin.androidx.arch.core.common\2.2.0.3\buildTransitive\net6.0-android31.0\..\..\jar\androidx.arch.core.core-common.jar C:\Users\Jiro\.nuget\packages\xamarin.androidx.resourceinspection.annotation\1.0.1.7\buildTransitive\net6.0-android31.0\..\..\jar\androidx.resourceinspection.resourceinspection-annotation.jar C:\Users\Jiro\.nuget\packages\xamarin.androidx.constraintlayout.core\1.0.4.6\buildTransitive\net6.0-android31.0\..\..\jar\androidx.constraintlayout.constraintlayout-core.jar C:\Users\Jiro\.nuget\packages\xamarin.androidx.collection.ktx\1.2.0.9\buildTransitive\net6.0-android31.0\..\..\jar\androidx.collection.collection-ktx.jar C:\Users\Jiro\.nuget\packages\xamarin.android.glide.disklrucache\4.15.1.2\buildTransitive\net6.0-android31.0\..\..\jar\disklrucache.jar C:\Users\Jiro\.nuget\packages\xamarin.android.glide.annotations\4.15.1.2\buildTransitive\net6.0-android31.0\..\..\jar\annotations.jar C:\Program Files\dotnet\packs\Microsoft.NETCore.App.Runtime.Mono.android-x64\8.0.15\runtimes\android-x64\native\libSystem.Security.Cryptography.Native.Android.jar obj\Debug\net8.0-android\lp\100\jl\classes.jar obj\Debug\net8.0-android\lp\101\jl\classes.jar obj\Debug\net8.0-android\lp\102\jl\classes.jar obj\Debug\net8.0-android\lp\103\jl\classes.jar obj\Debug\net8.0-android\lp\104\jl\classes.jar obj\Debug\net8.0-android\lp\105\jl\classes.jar obj\Debug\net8.0-android\lp\106\jl\classes.jar obj\Debug\net8.0-android\lp\107\jl\classes.jar obj\Debug\net8.0-android\lp\108\jl\classes.jar obj\Debug\net8.0-android\lp\109\jl\classes.jar obj\Debug\net8.0-android\lp\110\jl\classes.jar obj\Debug\net8.0-android\lp\111\jl\classes.jar obj\Debug\net8.0-android\lp\112\jl\classes.jar obj\Debug\net8.0-android\lp\113\jl\classes.jar obj\Debug\net8.0-android\lp\114\jl\classes.jar obj\Debug\net8.0-android\lp\115\jl\classes.jar obj\Debug\net8.0-android\lp\116\jl\classes.jar obj\Debug\net8.0-android\lp\117\jl\classes.jar obj\Debug\net8.0-android\lp\118\jl\classes.jar obj\Debug\net8.0-android\lp\119\jl\classes.jar obj\Debug\net8.0-android\lp\120\jl\classes.jar obj\Debug\net8.0-android\lp\121\jl\classes.jar obj\Debug\net8.0-android\lp\122\jl\classes.jar obj\Debug\net8.0-android\lp\123\jl\classes.jar obj\Debug\net8.0-android\lp\124\jl\classes.jar obj\Debug\net8.0-android\lp\125\jl\classes.jar obj\Debug\net8.0-android\lp\126\jl\classes.jar obj\Debug\net8.0-android\lp\126\jl\libs\repackaged.jar obj\Debug\net8.0-android\lp\127\jl\classes.jar obj\Debug\net8.0-android\lp\128\jl\classes.jar obj\Debug\net8.0-android\lp\129\jl\classes.jar obj\Debug\net8.0-android\lp\130\jl\classes.jar obj\Debug\net8.0-android\lp\131\jl\classes.jar obj\Debug\net8.0-android\lp\132\jl\classes.jar obj\Debug\net8.0-android\lp\133\jl\classes.jar obj\Debug\net8.0-android\lp\134\jl\classes.jar obj\Debug\net8.0-android\lp\135\jl\classes.jar obj\Debug\net8.0-android\lp\136\jl\classes.jar obj\Debug\net8.0-android\lp\137\jl\classes.jar obj\Debug\net8.0-android\lp\138\jl\classes.jar obj\Debug\net8.0-android\lp\139\jl\classes.jar obj\Debug\net8.0-android\lp\140\jl\classes.jar obj\Debug\net8.0-android\lp\141\jl\classes.jar obj\Debug\net8.0-android\lp\142\jl\classes.jar obj\Debug\net8.0-android\lp\143\jl\classes.jar obj\Debug\net8.0-android\lp\144\jl\classes.jar obj\Debug\net8.0-android\lp\145\jl\classes.jar obj\Debug\net8.0-android\lp\146\jl\classes.jar obj\Debug\net8.0-android\lp\147\jl\classes.jar obj\Debug\net8.0-android\lp\148\jl\classes.jar obj\Debug\net8.0-android\lp\149\jl\classes.jar obj\Debug\net8.0-android\lp\150\jl\classes.jar obj\Debug\net8.0-android\lp\151\jl\classes.jar obj\Debug\net8.0-android\lp\152\jl\classes.jar obj\Debug\net8.0-android\lp\153\jl\classes.jar obj\Debug\net8.0-android\lp\154\jl\classes.jar obj\Debug\net8.0-android\lp\155\jl\classes.jar obj\Debug\net8.0-android\lp\156\jl\classes.jar obj\Debug\net8.0-android\lp\157\jl\libs\ED64959F88B22E6D.jar obj\Debug\net8.0-android\lp\158\jl\libs\2E7FD15AFA9B216B.jar obj\Debug\net8.0-android\lp\161\jl\classes.jar obj\Debug\net8.0-android\lp\164\jl\libs\F975D0960055A5E3.jar obj\Debug\net8.0-android\lp\165\jl\libs\B71CFF5D5A0B3AEB.jar obj\Debug\net8.0-android\lp\96\jl\classes.jar obj\Debug\net8.0-android\lp\97\jl\classes.jar obj\Debug\net8.0-android\lp\98\jl\classes.jar obj\Debug\net8.0-android\lp\99\jl\classes.jar --map-diagnostics warning info

Host: AMD Ryzen 7 7435HS                             , 16 cores, 7G,  Windows 11 , 64 bit Build 26100 (10.0.26100.3912)
Time: Thu May  1 21:33:41 2025 Malay Peninsula Standard Time elapsed time: 1.080432 seconds (0d 0h 0m 1s)

---------------  T H R E A D  ---------------

Current thread (0x000001cd369c3f30):  JavaThread "Unknown thread" [_thread_in_vm, id=31612, stack(0x0000006d10d00000,0x0000006d10e00000)]

Stack: [0x0000006d10d00000,0x0000006d10e00000]
Native frames: (J=compiled Java code, j=interpreted, Vv=VM code, C=native code)
V  [jvm.dll+0x686d99]
V  [jvm.dll+0x83daf8]
V  [jvm.dll+0x83f5a3]
V  [jvm.dll+0x83fc13]
V  [jvm.dll+0x2492ef]
V  [jvm.dll+0x683dd9]
V  [jvm.dll+0x6782fa]
V  [jvm.dll+0x30a797]
V  [jvm.dll+0x311d06]
V  [jvm.dll+0x36252e]
V  [jvm.dll+0x36276d]
V  [jvm.dll+0x2e1a9c]
V  [jvm.dll+0x2e29b4]
V  [jvm.dll+0x80faab]
V  [jvm.dll+0x370241]
V  [jvm.dll+0x7ee6bf]
V  [jvm.dll+0x3f6ccf]
V  [jvm.dll+0x3f87f1]
C  [jli.dll+0x5284]
C  [ucrtbase.dll+0x37b0]
C  [KERNEL32.DLL+0x2e8d7]
C  [ntdll.dll+0x9c5dc]


---------------  P R O C E S S  ---------------

Threads class SMR info:
_java_thread_list=0x00007ff81dbbcf98, length=0, elements={
}

Java Threads: ( => current thread )

Other Threads:
  0x000001cd36a037b0 GCTaskThread "GC Thread#0" [stack: 0x0000006d10e00000,0x0000006d10f00000] [id=38904]
  0x000001cd36a0c610 ConcurrentGCThread "G1 Main Marker" [stack: 0x0000006d10f00000,0x0000006d11000000] [id=41916]
  0x000001cd36a0dc10 ConcurrentGCThread "G1 Conc#0" [stack: 0x0000006d11000000,0x0000006d11100000] [id=30472]

[error occurred during error reporting (printing all threads), id 0xc0000005, EXCEPTION_ACCESS_VIOLATION (0xc0000005) at pc=0x00007ff81d3725b7]

VM state: not at safepoint (not fully initialized)

VM Mutex/Monitor currently owned by a thread:  ([mutex/lock_event])
[0x000001cd369bdcd0] Heap_lock - owner thread: 0x000001cd369c3f30

Heap address: 0x00000000c0000000, size: 1024 MB, Compressed Oops mode: 32-bit

CDS archive(s) mapped at: [0x0000000000000000-0x0000000000000000-0x0000000000000000), size 0, SharedBaseAddress: 0x0000000800000000, ArchiveRelocationMode: 1.
Narrow klass base: 0x0000000000000000, Narrow klass shift: 0, Narrow klass range: 0x0

GC Precious Log:
<Empty>

Heap:
 garbage-first heap   total 0K, used 0K [0x00000000c0000000, 0x0000000100000000)
  region size 1024K, 0 young (0K), 0 survivors (0K)

[error occurred during error reporting (printing heap information), id 0xc0000005, EXCEPTION_ACCESS_VIOLATION (0xc0000005) at pc=0x00007ff81d760a39]

GC Heap History (0 events):
No events

Dll operation events (1 events):
Event: 0.007 Loaded shared library C:\Program Files (x86)\Android\openjdk\jdk-17.0.12\bin\java.dll

Deoptimization events (0 events):
No events

Classes loaded (0 events):
No events

Classes unloaded (0 events):
No events

Classes redefined (0 events):
No events

Internal exceptions (0 events):
No events

VM Operations (0 events):
No events

Events (0 events):
No events


Dynamic libraries:
0x00007ff60b6c0000 - 0x00007ff60b6ce000 	C:\Program Files (x86)\Android\openjdk\jdk-17.0.12\bin\java.exe
0x00007ff93e740000 - 0x00007ff93e9a6000 	C:\Windows\SYSTEM32\ntdll.dll
0x00007ff93d380000 - 0x00007ff93d449000 	C:\Windows\System32\KERNEL32.DLL
0x00007ff93c130000 - 0x00007ff93c4fc000 	C:\Windows\System32\KERNELBASE.dll
0x00007ff93bfe0000 - 0x00007ff93c12b000 	C:\Windows\System32\ucrtbase.dll
0x00007ff913e60000 - 0x00007ff913e77000 	C:\Program Files (x86)\Android\openjdk\jdk-17.0.12\bin\jli.dll
0x00007ff913d10000 - 0x00007ff913d2d000 	C:\Program Files (x86)\Android\openjdk\jdk-17.0.12\bin\VCRUNTIME140.dll
0x00007ff93c680000 - 0x00007ff93c84a000 	C:\Windows\System32\USER32.dll
0x00007ff91fe50000 - 0x00007ff9200ea000 	C:\Windows\WinSxS\amd64_microsoft.windows.common-controls_6595b64144ccf1df_6.0.26100.3912_none_3e07963ce335137e\COMCTL32.dll
0x00007ff93bd70000 - 0x00007ff93bd97000 	C:\Windows\System32\win32u.dll
0x00007ff93d580000 - 0x00007ff93d5ab000 	C:\Windows\System32\GDI32.dll
0x00007ff93d4d0000 - 0x00007ff93d579000 	C:\Windows\System32\msvcrt.dll
0x00007ff93bb00000 - 0x00007ff93bc32000 	C:\Windows\System32\gdi32full.dll
0x00007ff93b8d0000 - 0x00007ff93b973000 	C:\Windows\System32\msvcp_win.dll
0x00007ff93c850000 - 0x00007ff93c880000 	C:\Windows\System32\IMM32.DLL
0x00007ff914670000 - 0x00007ff91467c000 	C:\Program Files (x86)\Android\openjdk\jdk-17.0.12\bin\vcruntime140_1.dll
0x00007ff8aefe0000 - 0x00007ff8af06d000 	C:\Program Files (x86)\Android\openjdk\jdk-17.0.12\bin\msvcp140.dll
0x00007ff81d080000 - 0x00007ff81dcf0000 	C:\Program Files (x86)\Android\openjdk\jdk-17.0.12\bin\server\jvm.dll
0x00007ff93c510000 - 0x00007ff93c5c2000 	C:\Windows\System32\ADVAPI32.dll
0x00007ff93c5d0000 - 0x00007ff93c676000 	C:\Windows\System32\sechost.dll
0x00007ff93cfd0000 - 0x00007ff93d0e6000 	C:\Windows\System32\RPCRT4.dll
0x00007ff93d2f0000 - 0x00007ff93d364000 	C:\Windows\System32\WS2_32.dll
0x00007ff92ed10000 - 0x00007ff92ed46000 	C:\Windows\SYSTEM32\WINMM.dll
0x00007ff9357f0000 - 0x00007ff9357fb000 	C:\Windows\SYSTEM32\VERSION.dll
0x00007ff93a500000 - 0x00007ff93a55e000 	C:\Windows\SYSTEM32\POWRPROF.dll
0x00007ff93a4c0000 - 0x00007ff93a4d4000 	C:\Windows\SYSTEM32\UMPDC.dll
0x00007ff93a7b0000 - 0x00007ff93a7ca000 	C:\Windows\SYSTEM32\kernel.appcore.dll
0x00007ff914150000 - 0x00007ff91415a000 	C:\Program Files (x86)\Android\openjdk\jdk-17.0.12\bin\jimage.dll
0x00007ff921f10000 - 0x00007ff922151000 	C:\Windows\SYSTEM32\DBGHELP.DLL
0x00007ff93d6e0000 - 0x00007ff93da64000 	C:\Windows\System32\combase.dll
0x00007ff93e610000 - 0x00007ff93e6f0000 	C:\Windows\System32\OLEAUT32.dll
0x00007ff926c60000 - 0x00007ff926c99000 	C:\Windows\SYSTEM32\dbgcore.DLL
0x00007ff93bcd0000 - 0x00007ff93bd69000 	C:\Windows\System32\bcryptPrimitives.dll
0x00007ff8f1010000 - 0x00007ff8f1035000 	C:\Program Files (x86)\Android\openjdk\jdk-17.0.12\bin\java.dll

dbghelp: loaded successfully - version: 4.0.5 - missing functions: none
symbol engine: initialized successfully - sym options: 0x614 - pdb path: .;C:\Program Files (x86)\Android\openjdk\jdk-17.0.12\bin;C:\Windows\SYSTEM32;C:\Windows\WinSxS\amd64_microsoft.windows.common-controls_6595b64144ccf1df_6.0.26100.3912_none_3e07963ce335137e;C:\Program Files (x86)\Android\openjdk\jdk-17.0.12\bin\server

VM Arguments:
jvm_args: -Xmx1G 
java_command: com.android.tools.r8.D8 --debug --min-api 21 --output obj\Debug\net8.0-android\android\bin\ --lib C:\Program Files (x86)\Android\android-sdk\platforms\android-34\android.jar obj\Debug\net8.0-android\android\bin\classes.zip C:\Users\Jiro\.nuget\packages\microsoft.android.ref.34\34.0.148\ref\net8.0\mono.android.jar C:\Program Files\dotnet\packs\Microsoft.Android.Sdk.Windows\34.0.148\tools\java_runtime_fastdev_net6.jar C:\Users\Jiro\.nuget\packages\xamarin.jetbrains.annotations\24.0.1.3\buildTransitive\net6.0-android31.0\..\..\jar\org.jetbrains.annotations-24.0.1.jar C:\Users\Jiro\.nuget\packages\xamarin.kotlin.stdlib\1.9.0.1\buildTransitive\net6.0-android31.0\..\..\jar\org.jetbrains.kotlin.kotlin-stdlib-1.9.0.jar C:\Users\Jiro\.nuget\packages\xamarin.kotlin.stdlib.jdk7\1.9.0.1\buildTransitive\net6.0-android31.0\..\..\jar\org.jetbrains.kotlin.kotlin-stdlib-jdk7-1.9.0.jar C:\Users\Jiro\.nuget\packages\xamarin.kotlin.stdlib.jdk8\1.9.0.1\buildTransitive\net6.0-android31.0\..\..\jar\org.jetbrains.kotlin.kotlin-stdlib-jdk8-1.9.0.jar C:\Users\Jiro\.nuget\packages\xamarin.kotlinx.coroutines.core.jvm\1.7.2.1\buildTransitive\net6.0-android31.0\..\..\jar\org.jetbrains.kotlinx.kotlinx-coroutines-core-jvm-1.7.2.jar C:\Users\Jiro\.nuget\packages\xamarin.kotlinx.coroutines.android\1.7.2.1\buildTransitive\net6.0-android31.0\..\..\jar\org.jetbrains.kotlinx.kotlinx-coroutines-android-1.7.2.jar C:\Users\Jiro\.nuget\packages\xamarin.google.guava.listenablefuture\1.0.0.14\buildTransitive\net6.0-android31.0\..\..\jar\guava-listenablefuture.jar C:\Users\Jiro\.nuget\packages\xamarin.androidx.annotation.jvm\1.6.0.2\buildTransitive\net6.0-android31.0\..\..\jar\androidx.annotation.annotation-jvm.jar C:\Users\Jiro\.nuget\packages\xamarin.androidx.collection\1.2.0.9\buildTransitive\net6.0-android31.0\..\..\jar\androidx.collection.collection.jar C:\Users\Jiro\.nuget\packages\xamarin.androidx.concurrent.futures\1.1.0.14\buildTransitive\net6.0-android31.0\..\..\jar\androidx.concurren
java_class_path (initial): C:\Program Files\dotnet\packs\Microsoft.Android.Sdk.Windows\34.0.148\tools\r8.jar
Launcher Type: SUN_STANDARD

[Global flags]
     intx CICompilerCount                          = 12                                        {product} {ergonomic}
     uint ConcGCThreads                            = 3                                         {product} {ergonomic}
     uint G1ConcRefinementThreads                  = 13                                        {product} {ergonomic}
   size_t G1HeapRegionSize                         = 1048576                                   {product} {ergonomic}
    uintx GCDrainStackTargetSize                   = 64                                        {product} {ergonomic}
   size_t InitialHeapSize                          = 132120576                                 {product} {ergonomic}
   size_t MarkStackSize                            = 4194304                                   {product} {ergonomic}
   size_t MaxHeapSize                              = 1073741824                                {product} {command line}
   size_t MinHeapDeltaBytes                        = 1048576                                   {product} {ergonomic}
   size_t MinHeapSize                              = 8388608                                   {product} {ergonomic}
    uintx NonNMethodCodeHeapSize                   = 7602480                                {pd product} {ergonomic}
    uintx NonProfiledCodeHeapSize                  = 122027880                              {pd product} {ergonomic}
    uintx ProfiledCodeHeapSize                     = 122027880                              {pd product} {ergonomic}
    uintx ReservedCodeCacheSize                    = 251658240                              {pd product} {ergonomic}
     bool SegmentedCodeCache                       = true                                      {product} {ergonomic}
   size_t SoftMaxHeapSize                          = 1073741824                             {manageable} {ergonomic}
     bool UseCompressedClassPointers               = true                           {product lp64_product} {ergonomic}
     bool UseCompressedOops                        = true                           {product lp64_product} {ergonomic}
     bool UseG1GC                                  = true                                      {product} {ergonomic}
     bool UseLargePagesIndividualAllocation        = false                                  {pd product} {ergonomic}

Logging:
Log output configuration:
 #0: stdout all=warning uptime,level,tags
 #1: stderr all=off uptime,level,tags

Environment Variables:
PATH=C:\Program Files (x86)\Android\openjdk\jdk-17.0.12\bin;c:\Users\Jiro\AppData\Local\Programs\cursor\resources\app\bin;C:\Program Files\Microsoft MPI\Bin\;C:\Windows\system32;C:\Windows;C:\Windows\System32\Wbem;C:\Windows\System32\WindowsPowerShell\v1.0\;C:\Windows\System32\OpenSSH\;C:\Program Files (x86)\NVIDIA Corporation\PhysX\Common;C:\Program Files\dotnet\;C:\Program Files\Microsoft SQL Server\150\Tools\Binn\;C:\Program Files\Microsoft SQL Server\Client SDK\ODBC\170\Tools\Binn\;C:\Program Files (x86)\Windows Kits\10\Windows Performance Toolkit\;C:\Program Files (x86)\Microsoft SQL Server\160\DTS\Binn\;C:\Program Files (x86)\Microsoft SQL Server\160\Tools\Binn\;C:\Program Files\Microsoft SQL Server\160\Tools\Binn\;C:\Program Files\Microsoft SQL Server\160\DTS\Binn\;C:\Program Files\NVIDIA Corporation\NVIDIA app\NvDLISR;C:\Program Files\Docker\Docker\resources\bin;C:\Program Files\nodejs\;C:\Program Files\Git\cmd;C:\Users\Jiro\AppData\Local\Microsoft\WindowsApps;C:\Users\Jiro\.dotnet\tools;C:\Users\Jiro\AppData\Local\Programs\cursor\resources\app\bin;C:\Users\Ji;C:\php-8.4.6;C:\composer;C:\Users\Jiro\AppData\Local\Microsoft\WindowsApps;C:\Users\Jiro\.dotnet\tools;C:\Users\Jiro\AppData\Local\Programs\Microsoft VS Code\bin;C:\Users\Jiro\AppData\Roaming\npm;C:\Program Files\JetBrains\PhpStorm 2025.1\bin;;C:\php\php-8.4.6-src;C:\php-8.4.6;C:\Users\Jiro\AppData\Roaming\Composer\vendor\bin
USERNAME=Jiro
OS=Windows_NT
PROCESSOR_IDENTIFIER=AMD64 Family 25 Model 68 Stepping 1, AuthenticAMD
TMP=C:\Users\Jiro\AppData\Local\Temp
TEMP=C:\Users\Jiro\AppData\Local\Temp



Periodic native trim disabled


---------------  S Y S T E M  ---------------

OS:
 Windows 11 , 64 bit Build 26100 (10.0.26100.3912)
OS uptime: 0 days 21:21 hours
Hyper-V role detected

CPU: total 16 (initial active 16) (16 cores per cpu, 2 threads per core) family 25 model 68 stepping 1 microcode 0xa404107, cx8, cmov, fxsr, ht, mmx, 3dnowpref, sse, sse2, sse3, ssse3, sse4a, sse4.1, sse4.2, popcnt, lzcnt, tsc, tscinvbit, avx, avx2, aes, erms, clmul, bmi1, bmi2, adx, sha, fma, vzeroupper, clflush, clflushopt, hv
Processor Information for the first 16 processors :
  Max Mhz: 3100, Current Mhz: 3100, Mhz Limit: 3100

Memory: 4k page, system-wide physical 8010M (570M free)
TotalPageFile size 32586M (AvailPageFile size 114M)
current process WorkingSet (physical memory assigned to process): 12M, peak: 12M
current process commit charge ("private bytes"): 70M, peak: 196M

vm_info: OpenJDK 64-Bit Server VM (17.0.12+7-LTS) for windows-amd64 JRE (17.0.12+7-LTS), built on Jul 16 2024 18:11:44 by "MicrosoftCorporation" with unknown MS VC++:1939

END.
